NODE_2_length_8140_cov_3.926082_cutoff_0	repUS59_1_rep(pSGG1)_FR824044	100.000	129	0	0	4811	4939	1	129	4.55e-64	239
NODE_5_length_5575_cov_48.763187_cutoff_0	repUS60_1_ORF2(pSpnP1)_AM279674	86.008	972	129	6	1020	1989	1	967	0.0	1035
NODE_5_length_5575_cov_14.624227_cutoff_5	repUS60_1_ORF2(pSpnP1)_AM279674	86.008	972	129	6	411	1380	967	1	0.0	1035
NODE_4_length_8140_cov_3.572740_cutoff_0	repUS59_1_rep(pSGG1)_FR824044	100.000	129	0	0	7524	7652	129	1	4.55e-64	239
NODE_25_length_3183_cov_17.148744_cutoff_0	repUS60_1_ORF2(pSpnP1)_AM279674	87.606	944	117	0	1601	2544	944	1	0.0	1096
NODE_6_length_5603_cov_15.464712_cutoff_0	repUS60_1_ORF2(pSpnP1)_AM279674	88.116	934	106	4	1704	2636	969	40	0.0	1105
NODE_2_length_5587_cov_19.277495_cutoff_0	repUS60_1_ORF2(pSpnP1)_AM279674	94.840	969	50	0	4322	5290	1	969	0.0	1513
NODE_5_length_5562_cov_5.464540_cutoff_0	repUS60_1_ORF2(pSpnP1)_AM279674	85.285	931	134	2	1578	2508	40	967	0.0	957
NODE_5_length_5603_cov_5.667029_cutoff_5	repUS60_1_ORF2(pSpnP1)_AM279674	88.116	934	106	4	1138	2070	969	40	0.0	1105
NODE_21_length_3130_cov_2.484114_cutoff_0	repUS60_1_ORF2(pSpnP1)_AM279674	84.896	960	145	0	1932	2891	1	960	0.0	970
NODE_25_length_2047_cov_5.797462_cutoff_0	repUS64_1_repA(pR18)_JN601038	91.527	956	77	4	435	1388	1	954	0.0	1314
NODE_5_length_5560_cov_2.880722_cutoff_0	repUS60_1_ORF2(pSpnP1)_AM279674	86.530	928	125	0	279	1206	40	967	0.0	1022
NODE_1_length_5680_cov_97.539175_cutoff_33	repUS59_1_rep(pSGG1)_FR824044	84.444	135	15	5	4903	5037	129	1	7.16e-31	128
NODE_8_length_5588_cov_3.698603_cutoff_0	repUS60_1_ORF2(pSpnP1)_AM279674	83.996	931	147	2	4530	5459	969	40	0.0	893
NODE_4_length_5588_cov_2.227545_cutoff_0	repUS60_1_ORF2(pSpnP1)_AM279674	83.996	931	147	2	2235	3164	40	969	0.0	893
NODE_7_length_5561_cov_2.646608_cutoff_0	repUS60_1_ORF2(pSpnP1)_AM279674	85.576	929	132	2	2729	3656	967	40	0.0	972
NODE_22_length_2780_cov_39.316315_cutoff_0	repUS60_1_ORF2(pSpnP1)_AM279674	83.931	921	146	2	497	1416	959	40	0.0	880
NODE_1_length_6831_cov_203.044714_cutoff_153	repUS59_1_rep(pSGG1)_FR824044	98.450	129	2	0	4078	4206	129	1	8.26e-61	228
NODE_22_length_2903_cov_6.594834_cutoff_0	rep37_3_rep(pND103)_AY250830	88.830	949	104	2	1834	2781	948	1	0.0	1164
NODE_22_length_2903_cov_6.594834_cutoff_0	rep37_4_repA(pER36)_AF177168	88.502	948	109	0	1834	2781	948	1	0.0	1147
NODE_22_length_2903_cov_6.594834_cutoff_0	rep37_5_repA(pER35)_AF177167	87.553	948	118	0	1834	2781	948	1	0.0	1098
NODE_22_length_2903_cov_6.594834_cutoff_0	rep37_2_repA(pt38)_AJ566638	86.178	955	107	13	1831	2781	934	1	0.0	1009
NODE_22_length_2903_cov_6.594834_cutoff_0	rep37_1_repA(pK1002C2)_HM050421	82.590	942	147	15	1834	2768	945	14	0.0	815
NODE_11_length_3192_cov_3.020867_cutoff_0	repUS60_1_ORF2(pSpnP1)_AM279674	82.604	960	165	2	103	1061	959	1	0.0	846
NODE_1_length_10702_cov_55.687624_cutoff_42	repUS59_1_rep(pSGG1)_FR824044	100.000	129	0	0	8688	8816	129	1	5.98e-64	239
NODE_1_length_10702_cov_55.687624_cutoff_42	repUS59_1_rep(pSGG1)_FR824044	84.444	135	15	5	3185	3319	129	1	1.35e-30	128
NODE_8_length_3192_cov_10.132584_cutoff_0	repUS60_1_ORF2(pSpnP1)_AM279674	82.604	960	165	2	1918	2876	959	1	0.0	846
NODE_1_length_7592_cov_169.702329_cutoff_70	repUS59_1_rep(pSGG1)_FR824044	100.000	129	0	0	2033	2161	1	129	4.24e-64	239
NODE_8_length_5573_cov_23.840975_cutoff_0	repUS60_1_ORF2(pSpnP1)_AM279674	85.388	787	111	4	6	790	785	1	0.0	813
NODE_8_length_5573_cov_23.840975_cutoff_0	repUS60_1_ORF2(pSpnP1)_AM279674	84.825	257	36	2	5317	5573	967	714	3.09e-69	255
NODE_1_length_5837_cov_59.146007_cutoff_42	repUS59_1_rep(pSGG1)_FR824044	100.000	129	0	0	3652	3780	129	1	3.26e-64	239
NODE_6_length_5598_cov_35.259373_cutoff_0	repUS60_1_ORF2(pSpnP1)_AM279674	88.009	934	107	4	2460	3392	40	969	0.0	1099
NODE_1_length_5235_cov_48.670415_cutoff_42	repUS59_1_rep(pSGG1)_FR824044	85.185	135	14	5	4498	4632	129	1	1.42e-32	134
NODE_1_length_5335_cov_47.824268_cutoff_20	repUS59_1_rep(pSGG1)_FR824044	85.185	135	14	5	3892	4026	1	129	1.45e-32	134
NODE_1_length_5576_cov_30.545917_cutoff_0	repUS60_1_ORF2(pSpnP1)_AM279674	94.737	969	51	0	179	1147	1	969	0.0	1507
NODE_1_length_6342_cov_65.580208_cutoff_42	repUS59_1_rep(pSGG1)_FR824044	100.000	129	0	0	4307	4435	129	1	3.54e-64	239
NODE_8_length_5261_cov_5.967593_cutoff_0	repUS60_1_ORF2(pSpnP1)_AM279674	85.638	933	131	2	2809	3741	40	969	0.0	977
NODE_1_length_11825_cov_241.618658_cutoff_198	repUS59_1_rep(pSGG1)_FR824044	100.000	129	0	0	4238	4366	129	1	6.61e-64	239
NODE_4_length_5099_cov_8.173238_cutoff_5	repUS59_1_rep(pSGG1)_FR824044	100.000	129	0	0	2496	2624	1	129	2.85e-64	239
NODE_1_length_5593_cov_9.380711_cutoff_5	repUS60_1_ORF2(pSpnP1)_AM279674	91.720	930	77	0	191	1120	40	969	0.0	1291
NODE_3_length_5593_cov_25.872371_cutoff_0	repUS60_1_ORF2(pSpnP1)_AM279674	91.720	930	77	0	727	1656	969	40	0.0	1291
NODE_10_length_5349_cov_105.960546_cutoff_0	repUS59_1_rep(pSGG1)_FR824044	84.444	135	15	5	3457	3591	129	1	6.74e-31	128
NODE_1_length_5259_cov_5.054033_cutoff_0	repUS60_1_ORF2(pSpnP1)_AM279674	85.607	931	132	2	793	1722	969	40	0.0	976
NODE_1_length_6143_cov_35.962908_cutoff_10	repUS59_1_rep(pSGG1)_FR824044	100.000	129	0	0	1769	1897	129	1	3.43e-64	239
NODE_10_length_5600_cov_3.370270_cutoff_0	repUS62_1_repA(pDN571)_AY648561	79.268	164	30	3	3709	3870	422	261	7.11e-26	111
NODE_19_length_5564_cov_7.008019_cutoff_0	repUS62_1_repA(pDN571)_AY648561	79.268	164	30	3	222	383	261	422	7.06e-26	111
NODE_5_length_5562_cov_5.701367_cutoff_0	repUS60_1_ORF2(pSpnP1)_AM279674	85.070	931	136	2	4099	5029	967	40	0.0	946
NODE_1_length_5562_cov_6.263263_cutoff_0	repUS60_1_ORF2(pSpnP1)_AM279674	85.474	833	121	0	13	845	872	40	0.0	869
NODE_4_length_6059_cov_22.363256_cutoff_10	repUS59_1_rep(pSGG1)_FR824044	100.000	129	0	0	1005	1133	129	1	3.38e-64	239
NODE_20_length_2944_cov_4.347750_cutoff_0	rep37_3_rep(pND103)_AY250830	88.830	949	104	2	877	1824	948	1	0.0	1164
NODE_20_length_2944_cov_4.347750_cutoff_0	rep37_4_repA(pER36)_AF177168	88.502	948	109	0	877	1824	948	1	0.0	1147
NODE_20_length_2944_cov_4.347750_cutoff_0	rep37_5_repA(pER35)_AF177167	87.553	948	118	0	877	1824	948	1	0.0	1098
NODE_20_length_2944_cov_4.347750_cutoff_0	rep37_2_repA(pt38)_AJ566638	86.178	955	107	13	874	1824	934	1	0.0	1009
NODE_20_length_2944_cov_4.347750_cutoff_0	rep37_1_repA(pK1002C2)_HM050421	82.590	942	147	15	877	1811	945	14	0.0	815
NODE_4_length_5576_cov_4.444808_cutoff_0	repUS60_1_ORF2(pSpnP1)_AM279674	97.730	969	22	0	3315	4283	1	969	0.0	1668
NODE_3_length_3213_cov_18.697704_cutoff_0	repUS60_1_ORF2(pSpnP1)_AM279674	84.829	791	120	0	1	791	170	960	0.0	797
NODE_8_length_5556_cov_3.072093_cutoff_0	repUS60_1_ORF2(pSpnP1)_AM279674	86.746	928	123	0	3875	4802	967	40	0.0	1033
NODE_14_length_5558_cov_6.918628_cutoff_0	repUS60_1_ORF2(pSpnP1)_AM279674	86.853	928	122	0	1921	2848	40	967	0.0	1038
NODE_3_length_5558_cov_2.231162_cutoff_0	repUS60_1_ORF2(pSpnP1)_AM279674	86.975	929	119	2	1501	2428	967	40	0.0	1044
NODE_3_length_5300_cov_10.933372_cutoff_0	repUS60_1_ORF2(pSpnP1)_AM279674	90.108	930	92	0	3657	4586	969	40	0.0	1208
NODE_1_length_5574_cov_34.477897_cutoff_5	repUS60_1_ORF2(pSpnP1)_AM279674	90.108	930	92	0	511	1440	969	40	0.0	1208
NODE_7_length_5556_cov_3.228144_cutoff_0	repUS60_1_ORF2(pSpnP1)_AM279674	85.453	928	135	0	4443	5370	967	40	0.0	966
NODE_2_length_3169_cov_5.972833_cutoff_5	repUS60_1_ORF2(pSpnP1)_AM279674	86.971	921	120	0	108	1028	40	960	0.0	1037
NODE_1_length_5558_cov_5.772304_cutoff_0	repUS60_1_ORF2(pSpnP1)_AM279674	86.853	928	122	0	3652	4579	40	967	0.0	1038
NODE_8_length_3168_cov_1.503720_cutoff_0	repUS60_1_ORF2(pSpnP1)_AM279674	86.862	921	121	0	561	1481	960	40	0.0	1031
NODE_4_length_6060_cov_175.851914_cutoff_5	repUS59_1_rep(pSGG1)_FR824044	100.000	129	0	0	5059	5187	129	1	3.38e-64	239
NODE_2_length_5307_cov_98.138050_cutoff_5	repUS60_1_ORF2(pSpnP1)_AM279674	88.925	930	103	0	2111	3040	40	969	0.0	1147
NODE_9_length_5260_cov_2.953116_cutoff_0	repUS60_1_ORF2(pSpnP1)_AM279674	85.251	678	100	0	1	678	292	969	0.0	699
NODE_4_length_5564_cov_3.294514_cutoff_0	repUS62_1_repA(pDN571)_AY648561	79.268	164	30	3	570	731	422	261	7.06e-26	111
NODE_7_length_5600_cov_21.570885_cutoff_0	repUS62_1_repA(pDN571)_AY648561	79.268	164	30	3	2307	2468	261	422	7.11e-26	111
NODE_4_length_6059_cov_50.744901_cutoff_10	repUS59_1_rep(pSGG1)_FR824044	100.000	129	0	0	5623	5751	1	129	3.38e-64	239
NODE_5_length_5099_cov_21.041816_cutoff_5	repUS59_1_rep(pSGG1)_FR824044	100.000	129	0	0	4344	4472	1	129	2.85e-64	239
NODE_3_length_6566_cov_20.142549_cutoff_15	repUS59_1_rep(pSGG1)_FR824044	100.000	129	0	0	977	1105	129	1	3.67e-64	239
NODE_1_length_9968_cov_120.542614_cutoff_70	repUS59_1_rep(pSGG1)_FR824044	100.000	129	0	0	3569	3697	1	129	5.57e-64	239
NODE_13_length_2864_cov_11.564047_cutoff_0	rep37_3_rep(pND103)_AY250830	88.830	949	104	2	1445	2392	948	1	0.0	1164
NODE_13_length_2864_cov_11.564047_cutoff_0	rep37_4_repA(pER36)_AF177168	88.502	948	109	0	1445	2392	948	1	0.0	1147
NODE_13_length_2864_cov_11.564047_cutoff_0	rep37_5_repA(pER35)_AF177167	87.553	948	118	0	1445	2392	948	1	0.0	1098
NODE_13_length_2864_cov_11.564047_cutoff_0	rep37_2_repA(pt38)_AJ566638	86.178	955	107	13	1442	2392	934	1	0.0	1009
NODE_13_length_2864_cov_11.564047_cutoff_0	rep37_1_repA(pK1002C2)_HM050421	82.590	942	147	15	1445	2379	945	14	0.0	815
NODE_5_length_3169_cov_4.343790_cutoff_0	repUS60_1_ORF2(pSpnP1)_AM279674	87.244	635	81	0	2535	3169	40	674	0.0	725
NODE_5_length_3169_cov_4.343790_cutoff_0	repUS60_1_ORF2(pSpnP1)_AM279674	87.879	363	44	0	1	363	598	960	3.51e-121	427
