NODE_9_length_3428_cov_11.728141_cutoff_0	rep35_2_ORF2(pSMQ172)_AF295100	93.601	672	43	0	2178	2849	672	1	0.0	1003
NODE_9_length_3428_cov_11.728141_cutoff_0	rep35_1_repB(pER13)_AY033392	92.284	661	41	10	2192	2849	654	1	0.0	929
NODE_9_length_3428_cov_11.728141_cutoff_0	repUS54_1_rep2(pYSI8)_EU185047	74.557	621	141	16	2239	2849	614	1	4.29e-70	255
NODE_9_length_3428_cov_11.728141_cutoff_0	rep34_6_repB(pMV158)_X15669	77.451	408	88	4	2444	2849	406	1	1.20e-65	241
NODE_9_length_3428_cov_11.728141_cutoff_0	rep34_5_repB(pLS1)_M29725	77.451	408	88	4	2444	2849	406	1	1.20e-65	241
NODE_18_length_3444_cov_3.238491_cutoff_0	rep35_2_ORF2(pSMQ172)_AF295100	96.726	672	22	0	1912	2583	672	1	0.0	1120
NODE_18_length_3444_cov_3.238491_cutoff_0	rep35_1_repB(pER13)_AY033392	94.705	661	25	10	1926	2583	654	1	0.0	1018
NODE_18_length_3444_cov_3.238491_cutoff_0	rep34_6_repB(pMV158)_X15669	77.482	413	79	13	2178	2583	406	1	5.62e-64	235
NODE_18_length_3444_cov_3.238491_cutoff_0	rep34_5_repB(pLS1)_M29725	77.482	413	79	13	2178	2583	406	1	5.62e-64	235
NODE_6_length_4296_cov_1.288220_cutoff_0	rep35_2_ORF2(pSMQ172)_AF295100	83.182	660	103	8	2452	3107	1	656	7.75e-173	597
NODE_6_length_4296_cov_1.288220_cutoff_0	rep35_1_repB(pER13)_AY033392	81.900	663	102	18	2452	3107	1	652	1.02e-156	544
NODE_6_length_4296_cov_1.288220_cutoff_0	repUS54_1_rep2(pYSI8)_EU185047	75.520	433	93	12	2452	2876	1	428	2.56e-53	200
NODE_23_length_3735_cov_3.595681_cutoff_0	rep35_2_ORF2(pSMQ172)_AF295100	93.899	672	41	0	1974	2645	672	1	0.0	1014
NODE_23_length_3735_cov_3.595681_cutoff_0	rep35_1_repB(pER13)_AY033392	91.831	661	44	10	1988	2645	654	1	0.0	913
NODE_23_length_3735_cov_3.595681_cutoff_0	rep34_6_repB(pMV158)_X15669	78.436	422	86	5	2226	2645	419	1	1.67e-74	270
NODE_23_length_3735_cov_3.595681_cutoff_0	rep34_5_repB(pLS1)_M29725	78.436	422	86	5	2226	2645	419	1	1.67e-74	270
NODE_2_length_10126_cov_17.598866_cutoff_5	rep34_4_repB(pA852)_KC895878	88.482	191	22	0	6914	7104	234	424	2.14e-62	231
NODE_10_length_4280_cov_12.960742_cutoff_0	rep35_2_ORF2(pSMQ172)_AF295100	85.562	658	91	4	2299	2954	1	656	0.0	686
NODE_10_length_4280_cov_12.960742_cutoff_0	rep35_1_repB(pER13)_AY033392	84.266	661	90	14	2299	2954	1	652	0.0	632
NODE_3_length_3760_cov_11.995656_cutoff_5	rep35_2_ORF2(pSMQ172)_AF295100	92.136	674	49	4	2685	3356	672	1	0.0	948
NODE_3_length_3760_cov_11.995656_cutoff_5	rep35_1_repB(pER13)_AY033392	90.196	663	51	14	2699	3356	654	1	0.0	852
NODE_3_length_3760_cov_11.995656_cutoff_5	rep34_6_repB(pMV158)_X15669	80.147	408	77	4	2951	3356	406	1	5.97e-84	302
NODE_3_length_3760_cov_11.995656_cutoff_5	rep34_5_repB(pLS1)_M29725	80.147	408	77	4	2951	3356	406	1	5.97e-84	302
NODE_4_length_3735_cov_6.890651_cutoff_0	rep35_2_ORF2(pSMQ172)_AF295100	93.899	672	41	0	545	1216	672	1	0.0	1014
NODE_4_length_3735_cov_6.890651_cutoff_0	rep35_1_repB(pER13)_AY033392	91.831	661	44	10	559	1216	654	1	0.0	913
NODE_4_length_3735_cov_6.890651_cutoff_0	rep34_6_repB(pMV158)_X15669	78.436	422	86	5	797	1216	419	1	1.67e-74	270
NODE_4_length_3735_cov_6.890651_cutoff_0	rep34_5_repB(pLS1)_M29725	78.436	422	86	5	797	1216	419	1	1.67e-74	270
NODE_12_length_3750_cov_12.384155_cutoff_0	rep35_2_ORF2(pSMQ172)_AF295100	96.577	672	23	0	42	713	1	672	0.0	1114
NODE_12_length_3750_cov_12.384155_cutoff_0	rep35_2_ORF2(pSMQ172)_AF295100	97.222	36	1	0	3715	3750	1	36	1.10e-11	62.1
NODE_12_length_3750_cov_12.384155_cutoff_0	rep35_1_repB(pER13)_AY033392	94.411	662	25	11	42	699	1	654	0.0	1007
NODE_12_length_3750_cov_12.384155_cutoff_0	rep35_1_repB(pER13)_AY033392	97.222	36	1	0	3715	3750	1	36	1.10e-11	62.1
NODE_12_length_3750_cov_12.384155_cutoff_0	rep34_6_repB(pMV158)_X15669	77.536	414	77	12	42	447	1	406	6.12e-64	235
NODE_12_length_3750_cov_12.384155_cutoff_0	rep34_5_repB(pLS1)_M29725	77.536	414	77	12	42	447	1	406	6.12e-64	235
NODE_3_length_3763_cov_18.366793_cutoff_0	rep35_2_ORF2(pSMQ172)_AF295100	92.878	674	44	4	722	1393	672	1	0.0	976
NODE_3_length_3763_cov_18.366793_cutoff_0	rep35_1_repB(pER13)_AY033392	90.950	663	46	14	736	1393	654	1	0.0	880
NODE_11_length_3749_cov_11.123366_cutoff_0	rep35_2_ORF2(pSMQ172)_AF295100	97.024	672	20	0	1446	2117	1	672	0.0	1131
NODE_11_length_3749_cov_11.123366_cutoff_0	rep35_1_repB(pER13)_AY033392	94.864	662	22	11	1446	2103	1	654	0.0	1024
NODE_11_length_3749_cov_11.123366_cutoff_0	rep34_6_repB(pMV158)_X15669	77.778	414	76	12	1446	1851	1	406	1.32e-65	241
NODE_11_length_3749_cov_11.123366_cutoff_0	rep34_5_repB(pLS1)_M29725	77.778	414	76	12	1446	1851	1	406	1.32e-65	241
NODE_2_length_9445_cov_93.689261_cutoff_26	rep34_4_repB(pA852)_KC895878	89.922	258	26	0	4209	4466	424	167	5.31e-93	333
NODE_2_length_9445_cov_93.689261_cutoff_26	rep34_3_repB(pW2580)_AY907345	81.423	253	45	2	4215	4466	418	167	1.21e-54	206
NODE_2_length_9445_cov_93.689261_cutoff_26	rep34_2_repB(pDN281)_AY995189	81.028	253	46	2	4215	4466	418	167	5.62e-53	200
NODE_2_length_9445_cov_93.689261_cutoff_26	rep34_1_repB(pSdyT132)_DQ173493	81.028	253	46	2	4215	4466	418	167	5.62e-53	200
