NODE_11_length_3854_cov_5.096638_cutoff_0	repUS34_1_rep(pSI01)_JX275965	89.796	98	10	0	148	245	98	1	1.41e-30	126
NODE_1_length_13193_cov_16.427951_cutoff_10	repUS38_1_rep(pFW213)_EU685104	96.802	813	26	0	175	987	1	813	0.0	1358
NODE_9_length_4127_cov_1.960247_cutoff_0	repUS37_1_SPPN11498(pDRPIS7493)_CP002926	86.364	814	99	8	355	1162	1	808	0.0	878
NODE_5_length_12093_cov_7.026215_cutoff_0	repUS38_1_rep(pFW213)_EU685104	92.251	813	63	0	1929	2741	1	813	0.0	1153
NODE_2_length_13008_cov_9.933802_cutoff_5	repUS38_1_rep(pFW213)_EU685104	97.909	813	17	0	175	987	1	813	0.0	1408
NODE_10_length_11975_cov_5.272903_cutoff_0	repUS38_1_rep(pFW213)_EU685104	96.679	813	27	0	285	1097	1	813	0.0	1352
NODE_4_length_6073_cov_5.409440_cutoff_0	rep29_3_ORF8(pCIZ2)_DQ832184	100.000	657	0	0	1	657	82	738	0.0	1214
NODE_4_length_6073_cov_5.409440_cutoff_0	rep29_3_ORF8(pCIZ2)_DQ832184	100.000	158	0	0	5916	6073	1	158	2.07e-80	292
NODE_4_length_6073_cov_5.409440_cutoff_0	rep29_2_EFAU085p4001(Aus0085p4)_Aus0085	99.696	657	2	0	1	657	82	738	0.0	1203
NODE_4_length_6073_cov_5.409440_cutoff_0	rep29_2_EFAU085p4001(Aus0085p4)_Aus0085	99.367	158	1	0	5916	6073	1	158	9.65e-79	287
NODE_4_length_6073_cov_5.409440_cutoff_0	rep29_1_CDS1(pGL)_HQ696461	99.239	657	5	0	1	657	82	738	0.0	1186
NODE_4_length_6073_cov_5.409440_cutoff_0	rep29_1_CDS1(pGL)_HQ696461	99.367	158	1	0	5916	6073	1	158	9.65e-79	287
NODE_1_length_9682_cov_39.357418_cutoff_10	repUS34_1_rep(pSI01)_JX275965	99.433	882	5	0	7359	8240	1	882	0.0	1602
NODE_6_length_11055_cov_27.070778_cutoff_0	repUS34_1_rep(pSI01)_JX275965	93.211	766	52	0	10117	10882	766	1	0.0	1127
NODE_4_length_3854_cov_5.973524_cutoff_0	repUS34_1_rep(pSI01)_JX275965	89.796	98	10	0	3170	3267	98	1	1.41e-30	126
NODE_17_length_3854_cov_3.759598_cutoff_0	repUS34_1_rep(pSI01)_JX275965	89.796	98	10	0	1996	2093	1	98	1.41e-30	126
NODE_1_length_7588_cov_21.485555_cutoff_20	repUS34_1_rep(pSI01)_JX275965	99.433	882	5	0	4093	4974	1	882	0.0	1602
NODE_5_length_3895_cov_3.437402_cutoff_0	repUS37_1_SPPN11498(pDRPIS7493)_CP002926	91.439	806	63	6	1924	2726	1	803	0.0	1101
NODE_19_length_4231_cov_4.990130_cutoff_0	repUS37_1_SPPN11498(pDRPIS7493)_CP002926	85.165	546	73	5	1	542	542	1	5.99e-159	553
NODE_19_length_4231_cov_4.990130_cutoff_0	repUS37_1_SPPN11498(pDRPIS7493)_CP002926	86.455	347	39	6	3889	4231	808	466	5.01e-105	374
NODE_1_length_11029_cov_3.461651_cutoff_0	repUS34_1_rep(pSI01)_JX275965	89.796	98	10	0	5798	5895	98	1	4.04e-30	126
NODE_3_length_10739_cov_11.265522_cutoff_0	repUS38_1_rep(pFW213)_EU685104	92.128	813	64	0	8259	9071	1	813	0.0	1147
NODE_14_length_4996_cov_1.661923_cutoff_0	repUS37_1_SPPN11498(pDRPIS7493)_CP002926	94.728	569	30	0	1	569	569	1	0.0	885
NODE_14_length_4996_cov_1.661923_cutoff_0	repUS37_1_SPPN11498(pDRPIS7493)_CP002926	81.150	313	49	9	4689	4996	800	493	1.74e-65	243
NODE_2_length_3171_cov_2.803814_cutoff_5	rep18b_2_repA(pEF418)_AF408195	100.000	37	0	0	2466	2502	528	564	1.98e-13	69.4
NODE_2_length_8825_cov_2.933242_cutoff_0	repUS38_1_rep(pFW213)_EU685104	98.246	798	14	0	1	798	16	813	0.0	1397
NODE_2_length_8825_cov_2.933242_cutoff_0	repUS38_1_rep(pFW213)_EU685104	96.739	92	3	0	8734	8825	1	92	1.48e-38	154
NODE_1_length_7121_cov_97.728279_cutoff_54	repUS38_1_rep(pFW213)_EU685104	97.786	813	18	0	3088	3900	813	1	0.0	1402
NODE_1_length_7589_cov_7.654819_cutoff_5	repUS34_1_rep(pSI01)_JX275965	99.433	882	5	0	1673	2554	882	1	0.0	1602
NODE_2_length_4231_cov_105.773231_cutoff_0	repUS37_1_SPPN11498(pDRPIS7493)_CP002926	84.314	816	112	12	456	1263	1	808	0.0	784
NODE_43_length_2911_cov_2.188073_cutoff_0	repUS34_1_rep(pSI01)_JX275965	88.350	103	12	0	2474	2576	1	103	3.82e-30	124
NODE_4_length_11233_cov_20.098871_cutoff_5	repUS38_1_rep(pFW213)_EU685104	96.187	813	31	0	10247	11059	813	1	0.0	1330
NODE_2_length_2394_cov_1.791109_cutoff_0	rep18b_2_repA(pEF418)_AF408195	100.000	37	0	0	773	809	564	528	1.49e-13	69.4
NODE_1_length_8838_cov_32.445383_cutoff_15	repUS38_1_rep(pFW213)_EU685104	98.278	813	14	0	3453	4265	1	813	0.0	1424
NODE_2_length_13173_cov_3.468845_cutoff_0	repUS38_1_rep(pFW213)_EU685104	96.802	813	26	0	8724	9536	1	813	0.0	1358
NODE_3_length_9219_cov_9.573179_cutoff_0	repUS38_1_rep(pFW213)_EU685104	96.556	813	28	0	8231	9043	813	1	0.0	1347
NODE_8_length_7106_cov_9.968274_cutoff_5	repUS38_1_rep(pFW213)_EU685104	97.909	813	17	0	135	947	1	813	0.0	1408
NODE_3_length_7874_cov_2.058869_cutoff_0	repUS38_1_rep(pFW213)_EU685104	97.417	813	21	0	131	943	1	813	0.0	1386
NODE_1_length_10088_cov_9.224153_cutoff_5	repUS38_1_rep(pFW213)_EU685104	98.032	813	16	0	9269	10081	1	813	0.0	1413
NODE_1_length_10088_cov_9.224153_cutoff_5	repUS38_1_rep(pFW213)_EU685104	100.000	70	0	0	1	70	744	813	2.86e-31	130
NODE_5_length_5117_cov_16.385714_cutoff_0	repUS37_1_SPPN11498(pDRPIS7493)_CP002926	89.068	805	78	9	2014	2813	1	800	0.0	990
NODE_5_length_3919_cov_13.911504_cutoff_0	repUS37_1_SPPN11498(pDRPIS7493)_CP002926	97.037	810	20	4	2942	3749	808	1	0.0	1360
NODE_2_length_8860_cov_33.868951_cutoff_10	repUS38_1_rep(pFW213)_EU685104	98.401	813	13	0	5056	5868	1	813	0.0	1430
NODE_9_length_6869_cov_4.119994_cutoff_0	repUS38_1_rep(pFW213)_EU685104	98.032	813	16	0	5903	6715	813	1	0.0	1413
NODE_3_length_10130_cov_5.731921_cutoff_5	repUS38_1_rep(pFW213)_EU685104	92.251	813	63	0	9134	9946	813	1	0.0	1153
NODE_4_length_3627_cov_35.016901_cutoff_5	repUS34_1_rep(pSI01)_JX275965	89.796	98	10	0	3304	3401	98	1	1.33e-30	126
NODE_19_length_3627_cov_41.506761_cutoff_0	repUS34_1_rep(pSI01)_JX275965	89.796	98	10	0	1861	1958	98	1	1.33e-30	126
NODE_8_length_2394_cov_1.853690_cutoff_0	rep18b_2_repA(pEF418)_AF408195	100.000	37	0	0	1232	1268	528	564	1.49e-13	69.4
NODE_1_length_2394_cov_39.750539_cutoff_26	rep18b_2_repA(pEF418)_AF408195	100.000	37	0	0	2358	2394	564	528	1.49e-13	69.4
NODE_1_length_2394_cov_39.750539_cutoff_26	rep18b_2_repA(pEF418)_AF408195	100.000	37	0	0	41	77	564	528	1.49e-13	69.4
NODE_2_length_11761_cov_11.128381_cutoff_5	repUS38_1_rep(pFW213)_EU685104	92.497	813	61	0	6506	7318	1	813	0.0	1164
NODE_3_length_11521_cov_22.494844_cutoff_15	repUS38_1_rep(pFW213)_EU685104	92.497	813	61	0	135	947	1	813	0.0	1164
NODE_4_length_11629_cov_20.446589_cutoff_10	repUS38_1_rep(pFW213)_EU685104	100.000	813	0	0	10643	11455	813	1	0.0	1502
NODE_2_length_3895_cov_6.366684_cutoff_0	repUS37_1_SPPN11498(pDRPIS7493)_CP002926	91.439	806	63	6	2846	3648	1	803	0.0	1101
NODE_1_length_12474_cov_20.676696_cutoff_10	repUS38_1_rep(pFW213)_EU685104	93.604	813	52	0	11486	12298	813	1	0.0	1214
NODE_3_length_2932_cov_12.756918_cutoff_0	repUS34_1_rep(pSI01)_JX275965	88.350	103	12	0	168	270	1	103	3.85e-30	124
NODE_2_length_10130_cov_6.441659_cutoff_0	repUS38_1_rep(pFW213)_EU685104	92.251	813	63	0	3998	4810	1	813	0.0	1153
NODE_1_length_7419_cov_2.430673_cutoff_0	repUS38_1_rep(pFW213)_EU685104	96.925	813	25	0	4225	5037	813	1	0.0	1363
NODE_1_length_7382_cov_21.452841_cutoff_20	repUS38_1_rep(pFW213)_EU685104	96.802	813	26	0	1324	2136	1	813	0.0	1358
NODE_1_length_16875_cov_99.378259_cutoff_70	repUS38_1_rep(pFW213)_EU685104	100.000	813	0	0	12948	13760	813	1	0.0	1502
NODE_5_length_4231_cov_37.711363_cutoff_0	repUS37_1_SPPN11498(pDRPIS7493)_CP002926	84.314	816	112	12	2087	2894	1	808	0.0	784
NODE_1_length_9167_cov_30.984378_cutoff_0	repUS38_1_rep(pFW213)_EU685104	97.294	813	22	0	8177	8989	813	1	0.0	1380
NODE_1_length_3003_cov_31.763500_cutoff_0	repUS37_1_SPPN11498(pDRPIS7493)_CP002926	97.287	811	16	4	2018	2825	808	1	0.0	1371
NODE_6_length_7896_cov_4.903057_cutoff_0	repUS38_1_rep(pFW213)_EU685104	97.417	813	21	0	544	1356	813	1	0.0	1386
NODE_1_length_10088_cov_9.124263_cutoff_5	repUS38_1_rep(pFW213)_EU685104	98.032	813	16	0	7574	8386	813	1	0.0	1413
NODE_2_length_9445_cov_93.689261_cutoff_26	repUS34_1_rep(pSI01)_JX275965	91.134	767	66	2	8320	9085	1	766	0.0	1038
NODE_5_length_10930_cov_9.006634_cutoff_5	repUS38_1_rep(pFW213)_EU685104	96.925	813	25	0	144	956	1	813	0.0	1363
NODE_8_length_5139_cov_7.702292_cutoff_0	repUS37_1_SPPN11498(pDRPIS7493)_CP002926	89.068	805	78	9	4147	4946	800	1	0.0	990
NODE_13_length_3927_cov_4.219740_cutoff_0	repUS37_1_SPPN11498(pDRPIS7493)_CP002926	87.592	814	89	10	1830	2637	808	1	0.0	933
NODE_1_length_9797_cov_90.335700_cutoff_118	repUS34_1_rep(pSI01)_JX275965	90.713	883	73	3	2860	3742	1	874	0.0	1168
NODE_4_length_11628_cov_14.954117_cutoff_0	repUS38_1_rep(pFW213)_EU685104	100.000	813	0	0	9151	9963	1	813	0.0	1502
NODE_2_length_9144_cov_31.722069_cutoff_5	repUS38_1_rep(pFW213)_EU685104	98.032	813	16	0	5172	5984	1	813	0.0	1413
NODE_9_length_3020_cov_4.248046_cutoff_0	repUS37_1_SPPN11498(pDRPIS7493)_CP002926	84.767	814	108	14	1331	2136	1	806	0.0	802
NODE_3_length_7184_cov_4.233291_cutoff_0	repUS34_1_rep(pSI01)_JX275965	89.932	884	72	6	4198	5074	874	1	0.0	1123
NODE_1_length_7184_cov_387.376671_cutoff_20	repUS34_1_rep(pSI01)_JX275965	89.932	884	72	6	5421	6297	874	1	0.0	1123
NODE_2_length_9003_cov_91.969415_cutoff_198	repUS38_1_rep(pFW213)_EU685104	98.032	813	16	0	4720	5532	1	813	0.0	1413
NODE_3_length_8811_cov_5.402794_cutoff_0	repUS34_1_rep(pSI01)_JX275965	89.941	845	74	5	2078	2912	844	1	0.0	1079
NODE_4_length_8371_cov_16.037135_cutoff_5	repUS34_1_rep(pSI01)_JX275965	91.384	766	66	0	3484	4249	766	1	0.0	1050
