NODE_4_length_7076_cov_3.627661_cutoff_0	ColRNAI_1__DQ298019	87.023	131	16	1	3297	3427	1	130	2.50e-36	147
NODE_13_length_5205_cov_4.609009_cutoff_0	Col440II_1__CP023921	83.929	280	42	1	4245	4524	2	278	4.86e-72	265
NODE_13_length_5205_cov_4.609009_cutoff_0	Col(pHAD28)_1__KU674895	90.840	131	12	0	2	132	1	131	2.34e-45	176
NODE_13_length_5205_cov_4.609009_cutoff_0	Col(pHAD28)_1__KU674895	93.421	76	5	0	5130	5205	1	76	1.86e-26	113
NODE_13_length_5205_cov_4.609009_cutoff_0	Col440I_1__CP023920	89.908	109	11	0	41	149	1	109	8.54e-35	141
NODE_13_length_5205_cov_4.609009_cutoff_0	Col440I_1__CP023920	100.000	34	0	0	5169	5202	1	34	1.90e-11	63.9
NODE_19_length_2572_cov_17.413226_cutoff_0	Col(pHAD28)_1__KU674895	96.124	129	5	0	2326	2454	1	129	3.17e-56	211
NODE_10_length_4070_cov_14.243927_cutoff_0	Col(pHAD28)_1__KU674895	94.068	118	7	0	3953	4070	131	14	1.42e-46	180
NODE_10_length_4070_cov_14.243927_cutoff_0	Col(pHAD28)_1__KU674895	94.444	90	5	0	1	90	90	1	2.41e-34	139
NODE_10_length_4070_cov_14.243927_cutoff_0	Col440I_1__CP023920	91.228	114	8	2	3932	4044	113	1	8.59e-39	154
NODE_10_length_4070_cov_14.243927_cutoff_0	Col440I_1__CP023920	98.039	51	1	0	1	51	51	1	2.46e-19	89.8
NODE_22_length_2572_cov_11.415631_cutoff_0	Col(pHAD28)_1__KU674895	96.124	129	5	0	1421	1549	1	129	3.17e-56	211
NODE_1_length_7076_cov_7.062580_cutoff_0	ColRNAI_1__DQ298019	87.023	131	16	1	4403	4533	1	130	2.50e-36	147
NODE_2_length_5887_cov_15.680723_cutoff_0	Col(Ye4449)_1__FJ696405	81.026	195	35	2	1231	1424	1	194	1.24e-38	154
NODE_12_length_4185_cov_1.947176_cutoff_0	ColRNAI_1__DQ298019	87.786	131	15	1	1884	2014	1	130	3.18e-38	152
NODE_18_length_2165_cov_2.666188_cutoff_0	Col(BS512)_1__NC_010656	100.000	233	0	0	584	816	233	1	1.88e-122	431
NODE_5_length_5244_cov_2.513644_cutoff_5	Col156_1__NC_009781	94.805	154	8	0	4223	4376	154	1	8.25e-65	241
NODE_2_length_7076_cov_2.751536_cutoff_0	ColRNAI_1__DQ298019	87.023	131	16	1	464	594	1	130	2.50e-36	147
NODE_27_length_2572_cov_3.743888_cutoff_0	Col(pHAD28)_1__KU674895	96.124	129	5	0	1318	1446	129	1	3.17e-56	211
NODE_29_length_2149_cov_6.944981_cutoff_0	Col(BS512)_1__NC_010656	79.149	235	42	7	919	1148	1	233	1.26e-39	156
NODE_21_length_2338_cov_2.534277_cutoff_0	ColpVC_1__JX133088	84.021	194	29	2	294	486	193	1	1.74e-48	185
NODE_23_length_2179_cov_3.640818_cutoff_0	Col(BS512)_1__NC_010656	100.000	233	0	0	1697	1929	233	1	1.89e-122	431
NODE_3_length_13616_cov_6.473595_cutoff_0	ColRNAI_1__DQ298019	87.023	131	16	1	1273	1403	130	1	4.80e-36	147
NODE_3_length_7066_cov_18.976678_cutoff_10	ColRNAI_1__DQ298019	93.182	88	6	0	6972	7059	1	88	2.51e-31	130
NODE_3_length_21834_cov_7.673668_cutoff_0	IncFII(pMET)_1__EU383016	91.096	584	44	5	6412	6994	577	1	0.0	784
NODE_3_length_21834_cov_7.673668_cutoff_0	IncFII(pCRY)_1__NC_005814	86.333	600	74	6	6412	7010	593	1	0.0	647
NODE_6_length_7212_cov_16.181500_cutoff_0	ColRNAI_1__DQ298019	87.023	131	16	1	3980	4110	1	130	2.55e-36	147
NODE_12_length_4397_cov_7.093519_cutoff_0	Col(pHAD28)_1__KU674895	88.034	117	12	2	1	116	14	129	9.35e-34	137
NODE_12_length_4397_cov_7.093519_cutoff_0	Col(pHAD28)_1__KU674895	87.912	91	9	2	4308	4397	1	90	2.64e-24	106
NODE_12_length_4397_cov_7.093519_cutoff_0	Col440I_1__CP023920	82.883	111	17	2	27	136	1	110	4.41e-22	99.0
NODE_12_length_4397_cov_7.093519_cutoff_0	Col440I_1__CP023920	88.462	52	4	2	4347	4397	1	51	5.79e-11	62.1
NODE_1_length_69494_cov_36.364536_cutoff_33	IncFIB(K)_1__JN233704	98.929	560	6	0	62474	63033	1	560	0.0	1002
NODE_1_length_69494_cov_36.364536_cutoff_33	IncFIB(K)(pCAV1099-114)_1__CP011596	91.786	560	46	0	62474	63033	1	560	0.0	780
NODE_3_length_7076_cov_18.730676_cutoff_0	ColRNAI_1__DQ298019	87.023	131	16	1	5206	5336	130	1	2.50e-36	147
NODE_1_length_108795_cov_9.698900_cutoff_5	IncFIB(pKPHS1)_1__CP003223	98.393	560	9	0	101416	101975	560	1	0.0	985
NODE_13_length_4159_cov_2.585252_cutoff_0	Col8282_1__DQ995352	89.604	202	21	0	2488	2689	4	205	6.50e-70	257
NODE_3_length_7544_cov_2.239454_cutoff_5	Col156_1__NC_009781	94.805	154	8	0	4926	5079	1	154	1.19e-64	241
NODE_6_length_4670_cov_2.251470_cutoff_0	ColRNAI_1__DQ298019	90.076	131	12	1	1228	1358	1	130	3.52e-43	169
NODE_2_length_8016_cov_4.220179_cutoff_0	ColRNAI_1__DQ298019	90.076	131	12	1	4555	4685	130	1	6.04e-43	169
NODE_6_length_2166_cov_3.887985_cutoff_0	Col(BS512)_1__NC_010656	100.000	233	0	0	1822	2054	1	233	1.88e-122	431
NODE_1_length_4149_cov_2.091601_cutoff_0	Col8282_1__DQ995352	89.604	202	21	0	1808	2009	1	202	6.49e-70	257
NODE_13_length_7076_cov_2.689527_cutoff_0	ColRNAI_1__DQ298019	87.023	131	16	1	4393	4523	130	1	2.50e-36	147
NODE_6_length_4845_cov_13.440017_cutoff_5	Col440II_1__CP023921	99.645	282	1	0	648	929	282	1	1.13e-147	516
NODE_6_length_4845_cov_13.440017_cutoff_5	Col(pHAD28)_1__KU674895	91.603	131	11	0	4704	4834	131	1	4.69e-47	182
NODE_6_length_4845_cov_13.440017_cutoff_5	Col(pHAD28)_1__KU674895	92.424	66	5	0	1	66	66	1	6.29e-21	95.3
NODE_20_length_5244_cov_2.587381_cutoff_0	Col156_1__NC_009781	94.805	154	8	0	1513	1666	1	154	8.25e-65	241
NODE_21_length_5236_cov_10.017833_cutoff_0	Col(pHAD28)_1__KU674895	94.828	116	6	0	142	257	1	116	5.06e-47	182
NODE_21_length_5236_cov_10.017833_cutoff_0	Col440I_1__CP023920	95.455	110	5	0	181	290	1	110	2.36e-45	176
NODE_2_length_5244_cov_17.043546_cutoff_0	Col156_1__NC_009781	94.805	154	8	0	2473	2626	1	154	8.25e-65	241
NODE_4_length_4164_cov_11.645706_cutoff_0	Col8282_1__DQ995352	89.756	205	21	0	716	920	205	1	1.40e-71	263
NODE_18_length_2173_cov_11.761927_cutoff_0	ColpVC_1__JX133088	98.964	193	2	0	948	1140	1	193	7.02e-97	346
NODE_6_length_2335_cov_2.708149_cutoff_0	Col(MP18)_1__NC_013652	88.083	193	23	0	1273	1465	193	1	7.93e-62	230
NODE_8_length_2173_cov_1.875954_cutoff_0	ColpVC_1__JX133088	98.964	193	2	0	1530	1722	193	1	7.02e-97	346
NODE_3_length_5793_cov_8.298286_cutoff_0	Col156_1__NC_009781	90.789	152	14	0	5642	5793	152	1	1.20e-53	204
NODE_3_length_5793_cov_8.298286_cutoff_0	Col156_1__NC_009781	88.312	77	9	0	1	77	77	1	2.70e-20	93.5
NODE_8_length_2407_cov_8.641631_cutoff_0	Col(MP18)_1__NC_013652	100.000	147	0	0	1	147	147	1	1.34e-74	272
NODE_8_length_2407_cov_8.641631_cutoff_0	Col(MP18)_1__NC_013652	100.000	123	0	0	2285	2407	193	71	2.94e-61	228
NODE_5_length_5239_cov_4.559861_cutoff_0	Col156_1__NC_009781	94.805	154	8	0	81	234	154	1	8.24e-65	241
