NODE_2_length_8140_cov_3.926082_cutoff_0	gb_M18896.2_+_206-2126_ARO:3000190_tetO	99.792	1920	4	0	478	2397	1920	1	0.0	3524
NODE_4_length_7076_cov_3.627661_cutoff_0	gb_AY043299.1_-_3984-5175_ARO:3000167_tet(C)	100.000	280	0	0	209	488	901	622	1.50e-146	518
NODE_1_length_6505_cov_223.971375_cutoff_54	gb_AF242872_+_2131-2878_ARO:3000375_ErmB	99.063	747	6	1	66	811	747	1	0.0	1339
NODE_2_length_5963_cov_9.869181_cutoff_5	gb_AY055428.1_-_20268-21084_ARO:3000412_sul2	100.000	816	0	0	78	893	816	1	0.0	1507
NODE_4_length_5986_cov_31.770858_cutoff_5	gb_AY055428.1_-_20268-21084_ARO:3000412_sul2	100.000	816	0	0	4356	5171	816	1	0.0	1507
NODE_1_length_7076_cov_7.062580_cutoff_0	gb_AY043299.1_-_3984-5175_ARO:3000167_tet(C)	100.000	280	0	0	1315	1594	901	622	1.50e-146	518
NODE_2_length_7076_cov_2.751536_cutoff_0	gb_BX664015.1_-_103017-103833_ARO:3002641_APH(3')-Ia	99.140	814	7	0	960	1773	1	814	0.0	1465
NODE_1_length_13758_cov_104.156568_cutoff_70	gb_AM180355_+_600033-601953_ARO:3000186_tetM	91.927	1920	155	0	9857	11776	1	1920	0.0	2687
NODE_1_length_13758_cov_104.156568_cutoff_70	gb_L09756_+_0-1926_ARO:3000192_tetS	78.723	1927	393	15	9858	11775	2	1920	0.0	1271
NODE_3_length_13616_cov_6.473595_cutoff_0	gb_BX664015.1_-_103017-103833_ARO:3002641_APH(3')-Ia	99.140	814	7	0	94	907	814	1	0.0	1465
NODE_3_length_6557_cov_3.507099_cutoff_0	gb_AM183304_+_208-1069_ARO:3001017_TEM-150	99.884	861	1	0	4295	5155	861	1	0.0	1585
NODE_3_length_6557_cov_3.507099_cutoff_0	gb_FJ919776_+_208-1069_ARO:3001034_TEM-168	99.884	861	1	0	4295	5155	861	1	0.0	1585
NODE_3_length_6557_cov_3.507099_cutoff_0	gb_AF104442_+_193-1054_ARO:3000923_TEM-54	99.884	861	1	0	4295	5155	861	1	0.0	1585
NODE_3_length_6557_cov_3.507099_cutoff_0	gb_AM941159_+_208-1069_ARO:3001022_TEM-156	99.884	861	1	0	4295	5155	861	1	0.0	1585
NODE_3_length_6557_cov_3.507099_cutoff_0	gb_AF351241_+_89-950_ARO:3000957_TEM-90	99.884	861	1	0	4295	5155	861	1	0.0	1585
NODE_3_length_6557_cov_3.507099_cutoff_0	gb_GQ149347_+_5269-6130_ARO:3001037_TEM-171	99.884	861	1	0	4295	5155	861	1	0.0	1585
NODE_3_length_6557_cov_3.507099_cutoff_0	gb_HQ529916_+_110-971_ARO:3001045_TEM-183	99.884	861	1	0	4295	5155	861	1	0.0	1585
NODE_3_length_6557_cov_3.507099_cutoff_0	gb_JN254627_+_0-861_ARO:3001049_TEM-189	99.768	861	2	0	4295	5155	861	1	0.0	1580
NODE_3_length_6557_cov_3.507099_cutoff_0	gb_FJ807656_+_0-861_ARO:3001020_TEM-154	99.768	861	2	0	4295	5155	861	1	0.0	1580
NODE_3_length_6557_cov_3.507099_cutoff_0	gb_AF427128_+_208-1069_ARO:3000949_TEM-82	99.768	861	2	0	4295	5155	861	1	0.0	1580
NODE_3_length_6557_cov_3.507099_cutoff_0	gb_AF427127_+_208-1069_ARO:3000948_TEM-81	99.768	861	2	0	4295	5155	861	1	0.0	1580
NODE_3_length_6557_cov_3.507099_cutoff_0	gb_FR717535_+_0-861_ARO:3000910_TEM-40	99.768	861	2	0	4295	5155	861	1	0.0	1580
NODE_3_length_6557_cov_3.507099_cutoff_0	gb_KM114268_+_0-861_ARO:3003157_TEM-219	99.768	861	2	0	4295	5155	861	1	0.0	1580
NODE_3_length_6557_cov_3.507099_cutoff_0	gb_DQ105529_+_0-861_ARO:3001013_TEM-146	99.768	861	2	0	4295	5155	861	1	0.0	1580
NODE_3_length_6557_cov_3.507099_cutoff_0	gb_X57972_+_339-1200_ARO:3000878_TEM-6	99.768	861	2	0	4295	5155	861	1	0.0	1580
NODE_3_length_6557_cov_3.507099_cutoff_0	gb_AY589493_+_166-1027_ARO:3000975_TEM-112	99.768	861	2	0	4295	5155	861	1	0.0	1580
NODE_3_length_6557_cov_3.507099_cutoff_0	gb_AL513383_+_161910-162771_ARO:3000873_TEM-1	99.768	861	2	0	4295	5155	861	1	0.0	1580
NODE_3_length_6557_cov_3.507099_cutoff_0	gb_NC_002156_+_1429-2290_ARO:3000979_TEM-116	99.768	861	2	0	4295	5155	861	1	0.0	1580
NODE_3_length_6557_cov_3.507099_cutoff_0	gb_FJ405211_+_0-861_ARO:3000926_TEM-57	99.652	861	3	0	4295	5155	861	1	0.0	1574
NODE_3_length_6557_cov_3.507099_cutoff_0	gb_AF347054_+_208-1069_ARO:3000947_TEM-80	99.652	861	3	0	4295	5155	861	1	0.0	1574
NODE_3_length_6557_cov_3.507099_cutoff_0	gb_HQ877606_+_0-861_ARO:3001056_TEM-197	99.652	861	3	0	4295	5155	861	1	0.0	1574
NODE_3_length_6557_cov_3.507099_cutoff_0	gb_AJ318093_+_0-861_ARO:3000960_TEM-93	99.652	861	3	0	4295	5155	861	1	0.0	1574
NODE_3_length_6557_cov_3.507099_cutoff_0	gb_AY956335_+_38-899_ARO:3001004_TEM-141	99.652	861	3	0	4295	5155	861	1	0.0	1574
NODE_3_length_6557_cov_3.507099_cutoff_0	gb_AF190692_+_208-1069_ARO:3000946_TEM-79	99.652	861	3	0	4295	5155	861	1	0.0	1574
NODE_3_length_6557_cov_3.507099_cutoff_0	gb_KF240808_+_0-861_ARO:3001386_TEM-209	99.652	861	3	0	4295	5155	861	1	0.0	1574
NODE_3_length_6557_cov_3.507099_cutoff_0	gb_AY092401_+_0-861_ARO:3000963_TEM-96	99.652	861	3	0	4295	5155	861	1	0.0	1574
NODE_3_length_6557_cov_3.507099_cutoff_0	gb_DQ286729_+_0-861_ARO:3000924_TEM-55	99.652	861	3	0	4295	5155	861	1	0.0	1574
NODE_3_length_6557_cov_3.507099_cutoff_0	gb_AJ012256_+_208-1069_ARO:3000939_TEM-73	99.652	861	3	0	4295	5155	861	1	0.0	1574
NODE_3_length_6557_cov_3.507099_cutoff_0	gb_Y13612_+_0-861_ARO:3000921_TEM-52	99.652	861	3	0	4295	5155	861	1	0.0	1574
NODE_3_length_6557_cov_3.507099_cutoff_0	gb_AY307100_+_0-861_ARO:3000984_TEM-122	99.652	861	3	0	4295	5155	861	1	0.0	1574
NODE_3_length_6557_cov_3.507099_cutoff_0	gb_KP050492_+_0-861_ARO:3001392_TEM-215	99.535	861	4	0	4295	5155	861	1	0.0	1568
NODE_3_length_6557_cov_3.507099_cutoff_0	gb_AF516720_+_214-1075_ARO:3000968_TEM-105	99.535	861	4	0	4295	5155	861	1	0.0	1568
NODE_3_length_6557_cov_3.507099_cutoff_0	gb_AF190694_+_208-1069_ARO:3000942_TEM-76	99.535	861	4	0	4295	5155	861	1	0.0	1568
NODE_3_length_6557_cov_3.507099_cutoff_0	gb_KC865667_+_183-1044_ARO:3001385_TEM-208	99.535	861	4	0	4295	5155	861	1	0.0	1568
NODE_3_length_6557_cov_3.507099_cutoff_0	gb_AF188199_+_214-1075_ARO:3000936_TEM-70	99.535	861	4	0	4295	5155	861	1	0.0	1568
NODE_3_length_6557_cov_3.507099_cutoff_0	gb_DQ279850_+_0-861_ARO:3001014_TEM-147	99.535	861	4	0	4295	5155	861	1	0.0	1568
NODE_3_length_6557_cov_3.507099_cutoff_0	gb_AY368236_+_0-861_ARO:3000989_TEM-127	99.535	861	4	0	4295	5155	861	1	0.0	1568
NODE_3_length_6557_cov_3.507099_cutoff_0	gb_AJ634602.1_-_7839-8700_ARO:3000999_TEM-135	99.535	861	4	0	4295	5155	861	1	0.0	1568
NODE_3_length_6557_cov_3.507099_cutoff_0	gb_DQ075245_+_217-1078_ARO:3001006_TEM-143	99.535	861	4	0	4295	5155	861	1	0.0	1568
NODE_3_length_6557_cov_3.507099_cutoff_0	gb_DQ909059_+_0-861_ARO:3001023_TEM-157	99.535	861	4	0	4295	5155	861	1	0.0	1568
NODE_3_length_6557_cov_3.507099_cutoff_0	gb_JN227084_+_308-1169_ARO:3001046_TEM-186	99.535	861	4	0	4295	5155	861	1	0.0	1568
NODE_3_length_6557_cov_3.507099_cutoff_0	gb_Y17584_+_0-858_ARO:3000899_TEM-29	99.650	858	3	0	4298	5155	858	1	0.0	1568
NODE_3_length_6557_cov_3.507099_cutoff_0	gb_KC149518_+_0-861_ARO:3001369_TEM-153	99.535	861	4	0	4295	5155	861	1	0.0	1568
NODE_3_length_6557_cov_3.507099_cutoff_0	gb_EU815939_+_0-861_ARO:3001029_TEM-163	99.535	861	4	0	4295	5155	861	1	0.0	1568
NODE_3_length_6557_cov_3.507099_cutoff_0	gb_HG934763_+_0-861_ARO:3001394_TEM-217	99.535	861	4	0	4295	5155	861	1	0.0	1568
NODE_3_length_6557_cov_3.507099_cutoff_0	gb_AJ437107_+_208-1069_ARO:3000900_TEM-30	99.535	861	4	0	4295	5155	861	1	0.0	1568
NODE_3_length_6557_cov_3.507099_cutoff_0	gb_KF663615_+_0-858_ARO:3001390_TEM-213	99.650	858	3	0	4298	5155	858	1	0.0	1568
NODE_3_length_6557_cov_3.507099_cutoff_0	gb_AJ308558_+_181-1042_ARO:3000962_TEM-95	99.535	861	4	0	4295	5155	861	1	0.0	1568
NODE_3_length_6557_cov_3.507099_cutoff_0	gb_AY368237_+_0-861_ARO:3000990_TEM-128	99.535	861	4	0	4295	5155	861	1	0.0	1568
NODE_3_length_6557_cov_3.507099_cutoff_0	gb_GU371926_-_50304-51165_ARO:3000903_TEM-33	99.535	861	4	0	4295	5155	861	1	0.0	1568
NODE_3_length_6557_cov_3.507099_cutoff_0	gb_KP050491_+_0-861_ARO:3001391_TEM-214	99.535	861	4	0	4295	5155	861	1	0.0	1568
NODE_3_length_6557_cov_3.507099_cutoff_0	gb_FJ197316_+_0-861_ARO:3001032_TEM-166	99.535	861	4	0	4295	5155	861	1	0.0	1568
NODE_3_length_6557_cov_3.507099_cutoff_0	gb_AM087454_+_208-1069_ARO:3001015_TEM-148	99.535	861	4	0	4295	5155	861	1	0.0	1568
NODE_3_length_6557_cov_3.507099_cutoff_0	gb_GU550123_+_144-1005_ARO:3001041_TEM-176	99.535	861	4	0	4295	5155	861	1	0.0	1568
NODE_3_length_6557_cov_3.507099_cutoff_0	gb_KC818234_+_0-861_ARO:3001384_TEM-207	99.535	861	4	0	4295	5155	861	1	0.0	1568
NODE_3_length_6557_cov_3.507099_cutoff_0	gb_AB049569_+_0-861_ARO:3000958_TEM-91	99.535	861	4	0	4295	5155	861	1	0.0	1568
NODE_3_length_6557_cov_3.507099_cutoff_0	gb_KC783461_+_0-861_ARO:3001383_TEM-206	99.535	861	4	0	4295	5155	861	1	0.0	1568
NODE_3_length_6557_cov_3.507099_cutoff_0	gb_AB700703_+_161-1022_ARO:3001057_TEM-198	99.535	861	4	0	4295	5155	861	1	0.0	1568
NODE_3_length_6557_cov_3.507099_cutoff_0	gb_KC292503_+_4334-5195_ARO:3000904_TEM-34	99.535	861	4	0	4295	5155	861	1	0.0	1568
NODE_3_length_6557_cov_3.507099_cutoff_0	gb_KM998962.1_+_0-861_ARO:3003158_TEM-220	99.419	861	5	0	4295	5155	861	1	0.0	1563
NODE_3_length_6557_cov_3.507099_cutoff_0	gb_JQ034306_+_0-861_ARO:3001376_TEM-196	99.419	861	5	0	4295	5155	861	1	0.0	1563
NODE_3_length_6557_cov_3.507099_cutoff_0	gb_EU274580_+_214-1075_ARO:3001030_TEM-164	99.419	861	5	0	4295	5155	861	1	0.0	1563
NODE_3_length_6557_cov_3.507099_cutoff_0	gb_M88143_+_367-1228_ARO:3000884_TEM-12	99.419	861	5	0	4295	5155	861	1	0.0	1563
NODE_3_length_6557_cov_3.507099_cutoff_0	gb_JX042489_+_141-1002_ARO:3000890_TEM-19	99.419	861	5	0	4295	5155	861	1	0.0	1563
NODE_3_length_6557_cov_3.507099_cutoff_0	gb_AF535127_+_208-1069_ARO:3000978_TEM-115	99.419	861	5	0	4295	5155	861	1	0.0	1563
NODE_3_length_6557_cov_3.507099_cutoff_0	gb_KF944358_+_0-861_ARO:3001393_TEM-216	99.419	861	5	0	4295	5155	861	1	0.0	1563
NODE_3_length_6557_cov_3.507099_cutoff_0	gb_AM849805_+_262-1123_ARO:3000886_TEM-15	99.419	861	5	0	4295	5155	861	1	0.0	1563
NODE_3_length_6557_cov_3.507099_cutoff_0	gb_AF516719_+_214-1075_ARO:3000967_TEM-104	99.419	861	5	0	4295	5155	861	1	0.0	1563
NODE_3_length_6557_cov_3.507099_cutoff_0	gb_AM049399_+_0-861_ARO:3001007_TEM-144	99.419	861	5	0	4295	5155	861	1	0.0	1563
NODE_3_length_6557_cov_3.507099_cutoff_0	gb_FJ873740_+_0-858_ARO:3001035_TEM-169	99.534	858	4	0	4298	5155	858	1	0.0	1563
NODE_3_length_6557_cov_3.507099_cutoff_0	gb_U37195_+_75-936_ARO:3000898_TEM-28	99.419	861	5	0	4295	5155	861	1	0.0	1563
NODE_3_length_6557_cov_3.507099_cutoff_0	gb_JF795538_+_0-861_ARO:3001374_TEM-185	99.419	861	5	0	4295	5155	861	1	0.0	1563
NODE_3_length_6557_cov_3.507099_cutoff_0	gb_AY243512_+_208-1069_ARO:3000982_TEM-120	99.419	861	5	0	4295	5155	861	1	0.0	1563
NODE_3_length_6557_cov_3.507099_cutoff_0	gb_AF093512_+_197-1058_ARO:3000882_TEM-10	99.419	861	5	0	4295	5155	861	1	0.0	1563
NODE_3_length_6557_cov_3.507099_cutoff_0	gb_JX310327_+_0-861_ARO:3001378_TEM-201	99.419	861	5	0	4295	5155	861	1	0.0	1563
NODE_3_length_6557_cov_3.507099_cutoff_0	gb_DQ105528_+_0-861_ARO:3001012_TEM-145	99.419	861	5	0	4295	5155	861	1	0.0	1563
NODE_3_length_6557_cov_3.507099_cutoff_0	gb_AY101578_+_214-1075_ARO:3000969_TEM-106	99.419	861	5	0	4295	5155	861	1	0.0	1563
NODE_3_length_6557_cov_3.507099_cutoff_0	gb_AF427130_+_208-1069_ARO:3000951_TEM-84	99.419	861	5	0	4295	5155	861	1	0.0	1563
NODE_3_length_6557_cov_3.507099_cutoff_0	gb_X54606_+_214-1075_ARO:3000874_TEM-2	99.419	861	5	0	4295	5155	861	1	0.0	1563
NODE_3_length_6557_cov_3.507099_cutoff_0	gb_DQ679961_+_114-975_ARO:3001021_TEM-155	99.419	861	5	0	4295	5155	861	1	0.0	1563
NODE_3_length_6557_cov_3.507099_cutoff_0	gb_Y14574_+_0-861_ARO:3000888_TEM-17	99.419	861	5	0	4295	5155	861	1	0.0	1563
NODE_3_length_6557_cov_3.507099_cutoff_0	gb_U95363_+_0-861_ARO:3000912_TEM-43	99.419	861	5	0	4295	5155	861	1	0.0	1563
NODE_3_length_6557_cov_3.507099_cutoff_0	gb_AY628175_+_210-1071_ARO:3000972_TEM-109	99.419	861	5	0	4295	5155	861	1	0.0	1563
NODE_3_length_6557_cov_3.507099_cutoff_0	gb_AY628199_+_203-1064_ARO:3000988_TEM-126	99.419	861	5	0	4295	5155	861	1	0.0	1563
NODE_3_length_6557_cov_3.507099_cutoff_0	gb_AF104441_+_193-1054_ARO:3000922_TEM-53	99.303	861	6	0	4295	5155	861	1	0.0	1557
NODE_3_length_6557_cov_3.507099_cutoff_0	gb_EF136377_+_0-861_ARO:3001026_TEM-160	99.303	861	6	0	4295	5155	861	1	0.0	1557
NODE_3_length_6557_cov_3.507099_cutoff_0	gb_X95401_+_208-1069_ARO:3000914_TEM-45	99.303	861	6	0	4295	5155	861	1	0.0	1557
NODE_3_length_6557_cov_3.507099_cutoff_0	gb_AY826417_+_0-861_ARO:3001000_TEM-136	99.303	861	6	0	4295	5155	861	1	0.0	1557
NODE_3_length_6557_cov_3.507099_cutoff_0	gb_EF136376_+_0-861_ARO:3001025_TEM-159	99.303	861	6	0	4295	5155	861	1	0.0	1557
NODE_3_length_6557_cov_3.507099_cutoff_0	gb_AY072920_+_0-861_ARO:3000973_TEM-110	99.303	861	6	0	4295	5155	861	1	0.0	1557
NODE_3_length_6557_cov_3.507099_cutoff_0	gb_AY528425_+_0-861_ARO:3000997_TEM-133	99.303	861	6	0	4295	5155	861	1	0.0	1557
NODE_3_length_6557_cov_3.507099_cutoff_0	gb_HQ317449_+_0-861_ARO:3001373_TEM-182	99.303	861	6	0	4295	5155	861	1	0.0	1557
NODE_3_length_6557_cov_3.507099_cutoff_0	gb_AF203816_+_210-1071_ARO:3000937_TEM-71	99.303	861	6	0	4295	5155	861	1	0.0	1557
NODE_3_length_6557_cov_3.507099_cutoff_0	gb_AY874537_+_177-1038_ARO:3000883_TEM-11	99.303	861	6	0	4295	5155	861	1	0.0	1557
NODE_3_length_6557_cov_3.507099_cutoff_0	gb_EF534736_+_213-1074_ARO:3001024_TEM-158	99.303	861	6	0	4295	5155	861	1	0.0	1557
NODE_3_length_6557_cov_3.507099_cutoff_0	gb_AY491682_+_0-861_ARO:3000996_TEM-132	99.303	861	6	0	4295	5155	861	1	0.0	1557
NODE_3_length_6557_cov_3.507099_cutoff_0	gb_X65253_+_175-1036_ARO:3000894_TEM-24	99.187	861	7	0	4295	5155	861	1	0.0	1552
NODE_3_length_6557_cov_3.507099_cutoff_0	gb_AF468003_+_0-861_ARO:3000974_TEM-111	99.187	861	7	0	4295	5155	861	1	0.0	1552
NODE_3_length_6557_cov_3.507099_cutoff_0	gb_JN416112_+_0-861_ARO:3001050_TEM-190	99.187	861	7	0	4295	5155	861	1	0.0	1552
NODE_3_length_6557_cov_3.507099_cutoff_0	gb_X64523.1_-_476-1337_ARO:3000875_TEM-3	99.187	861	7	0	4295	5155	861	1	0.0	1552
NODE_3_length_6557_cov_3.507099_cutoff_0	gb_Y17581_+_78-936_ARO:3000891_TEM-20	99.301	858	6	0	4298	5155	858	1	0.0	1552
NODE_3_length_6557_cov_3.507099_cutoff_0	gb_AM286274_+_0-861_ARO:3001001_TEM-137	99.187	861	7	0	4295	5155	861	1	0.0	1552
NODE_3_length_6557_cov_3.507099_cutoff_0	gb_AY027590_+_112-973_ARO:3000955_TEM-88	99.187	861	7	0	4295	5155	861	1	0.0	1552
NODE_3_length_6557_cov_3.507099_cutoff_0	gb_AF427129_+_208-1069_ARO:3000950_TEM-83	99.187	861	7	0	4295	5155	861	1	0.0	1552
NODE_3_length_6557_cov_3.507099_cutoff_0	gb_AY101764_+_206-1067_ARO:3000970_TEM-107	99.187	861	7	0	4295	5155	861	1	0.0	1552
NODE_3_length_6557_cov_3.507099_cutoff_0	gb_JN211012_+_213-1074_ARO:3001048_TEM-188	99.187	861	7	0	4295	5155	861	1	0.0	1552
NODE_3_length_6557_cov_3.507099_cutoff_0	gb_AF091113_+_450-1311_ARO:3000934_TEM-67	99.187	861	7	0	4295	5155	861	1	0.0	1552
NODE_3_length_6557_cov_3.507099_cutoff_0	gb_AY853593_+_214-1075_ARO:3001002_TEM-138	99.187	861	7	0	4295	5155	861	1	0.0	1552
NODE_3_length_6557_cov_3.507099_cutoff_0	gb_AF190693_+_208-1069_ARO:3000944_TEM-78	99.187	861	7	0	4295	5155	861	1	0.0	1552
NODE_3_length_6557_cov_3.507099_cutoff_0	gb_X65254_+_175-1036_ARO:3000887_TEM-16	99.187	861	7	0	4295	5155	861	1	0.0	1552
NODE_3_length_6557_cov_3.507099_cutoff_0	gb_Y10279_+_0-861_ARO:3000916_TEM-47	99.187	861	7	0	4295	5155	861	1	0.0	1552
NODE_3_length_6557_cov_3.507099_cutoff_0	gb_NG_050265_+_100-961_ARO:3000876_TEM-4	99.071	861	8	0	4295	5155	861	1	0.0	1546
NODE_3_length_6557_cov_3.507099_cutoff_0	gb_X65252_+_175-1036_ARO:3000880_TEM-8	99.071	861	8	0	4295	5155	861	1	0.0	1546
NODE_3_length_6557_cov_3.507099_cutoff_0	gb_Y10280_+_0-861_ARO:3000917_TEM-48	99.071	861	8	0	4295	5155	861	1	0.0	1546
NODE_3_length_6557_cov_3.507099_cutoff_0	gb_FR848831_+_0-861_ARO:3001375_TEM-184	99.071	861	8	0	4295	5155	861	1	0.0	1546
NODE_3_length_6557_cov_3.507099_cutoff_0	gb_AJ277414_+_0-861_ARO:3000952_TEM-85	99.071	861	8	0	4295	5155	861	1	0.0	1546
NODE_3_length_6557_cov_3.507099_cutoff_0	gb_DQ369751_+_0-861_ARO:3001016_TEM-149	99.071	861	8	0	4295	5155	861	1	0.0	1546
NODE_3_length_6557_cov_3.507099_cutoff_0	gb_AY589495_+_181-1042_ARO:3000977_TEM-114	99.071	861	8	0	4295	5155	861	1	0.0	1546
NODE_3_length_6557_cov_3.507099_cutoff_0	gb_AY574271_+_0-861_ARO:3000998_TEM-134	99.071	861	8	0	4295	5155	861	1	0.0	1546
NODE_3_length_6557_cov_3.507099_cutoff_0	gb_AJ746225_+_0-861_ARO:3000993_TEM-129	99.071	861	8	0	4295	5155	861	1	0.0	1546
NODE_3_length_6557_cov_3.507099_cutoff_0	gb_DQ834728_+_205-1066_ARO:3001019_TEM-152	99.071	861	8	0	4295	5155	861	1	0.0	1546
NODE_3_length_6557_cov_3.507099_cutoff_0	gb_AF332513_+_103-964_ARO:3000931_TEM-63	99.071	861	8	0	4295	5155	861	1	0.0	1546
NODE_3_length_6557_cov_3.507099_cutoff_0	gb_DQ388882_+_0-861_ARO:3001005_TEM-142	99.071	861	8	0	4295	5155	861	1	0.0	1546
NODE_3_length_6557_cov_3.507099_cutoff_0	gb_AJ239002_+_0-861_ARO:3000935_TEM-68	99.071	861	8	0	4295	5155	861	1	0.0	1546
NODE_3_length_6557_cov_3.507099_cutoff_0	gb_KC900516_+_0-858_ARO:3001382_TEM-205	99.184	858	7	0	4298	5155	858	1	0.0	1546
NODE_3_length_6557_cov_3.507099_cutoff_0	gb_EF468463_+_66-927_ARO:3001028_TEM-162	99.071	861	8	0	4295	5155	861	1	0.0	1546
NODE_3_length_6557_cov_3.507099_cutoff_0	gb_DQ834729_+_205-1066_ARO:3001018_TEM-151	99.071	861	8	0	4295	5155	861	1	0.0	1546
NODE_3_length_6557_cov_3.507099_cutoff_0	gb_AF143804_+_0-861_ARO:3000959_TEM-92	99.071	861	8	0	4295	5155	861	1	0.0	1546
NODE_3_length_6557_cov_3.507099_cutoff_0	gb_AF157553_+_147-1008_ARO:3000938_TEM-72	99.071	861	8	0	4295	5155	861	1	0.0	1546
NODE_3_length_6557_cov_3.507099_cutoff_0	gb_AF506748_+_38-899_ARO:3000971_TEM-108	99.297	853	6	0	4295	5147	861	9	0.0	1543
NODE_3_length_6557_cov_3.507099_cutoff_0	gb_AY436361_+_131-992_ARO:3000995_TEM-131	98.955	861	9	0	4295	5155	861	1	0.0	1543
NODE_3_length_6557_cov_3.507099_cutoff_0	gb_FJ360884_+_213-1074_ARO:3001033_TEM-167	98.955	861	9	0	4295	5155	861	1	0.0	1541
NODE_3_length_6557_cov_3.507099_cutoff_0	gb_AJ277415_+_0-861_ARO:3000953_TEM-86	98.955	861	9	0	4295	5155	861	1	0.0	1541
NODE_3_length_6557_cov_3.507099_cutoff_0	gb_AJ318094_+_0-861_ARO:3000961_TEM-94	98.955	861	9	0	4295	5155	861	1	0.0	1541
NODE_3_length_6557_cov_3.507099_cutoff_0	gb_AF495873_+_0-861_ARO:3000964_TEM-101	98.955	861	9	0	4295	5155	861	1	0.0	1541
NODE_3_length_6557_cov_3.507099_cutoff_0	gb_DQ072853_+_0-861_ARO:3001003_TEM-139	98.955	861	9	0	4295	5155	861	1	0.0	1541
NODE_3_length_6557_cov_3.507099_cutoff_0	gb_Y10281_+_0-861_ARO:3000918_TEM-49	98.955	861	9	0	4295	5155	861	1	0.0	1541
NODE_3_length_6557_cov_3.507099_cutoff_0	gb_AY589494_+_193-1054_ARO:3000976_TEM-113	98.955	861	9	0	4295	5155	861	1	0.0	1541
NODE_3_length_6557_cov_3.507099_cutoff_0	gb_Y17582_+_0-858_ARO:3000892_TEM-21	99.068	858	8	0	4298	5155	858	1	0.0	1541
NODE_3_length_6557_cov_3.507099_cutoff_0	gb_Y17583_+_213-1071_ARO:3000893_TEM-22	99.068	858	8	0	4298	5155	858	1	0.0	1541
NODE_3_length_6557_cov_3.507099_cutoff_0	gb_AY271267_+_0-861_ARO:3000983_TEM-121	98.955	861	9	0	4295	5155	861	1	0.0	1541
NODE_3_length_6557_cov_3.507099_cutoff_0	gb_AF250872_+_0-861_ARO:3000954_TEM-87	98.955	861	9	0	4295	5155	861	1	0.0	1541
NODE_3_length_6557_cov_3.507099_cutoff_0	gb_HM246246_+_211-1069_ARO:3001047_TEM-187	99.067	857	8	0	4299	5155	857	1	0.0	1539
NODE_3_length_6557_cov_3.507099_cutoff_0	gb_KF513179_+_0-861_ARO:3001388_TEM-211	98.839	861	10	0	4295	5155	861	1	0.0	1535
NODE_3_length_6557_cov_3.507099_cutoff_0	gb_AJ866988_+_0-861_ARO:3000994_TEM-130	98.839	861	10	0	4295	5155	861	1	0.0	1535
NODE_3_length_6557_cov_3.507099_cutoff_0	gb_FN652295_+_0-861_ARO:3001042_TEM-177	98.839	861	10	0	4295	5155	861	1	0.0	1535
NODE_3_length_6557_cov_3.507099_cutoff_0	gb_JX050178_+_0-852_ARO:3001058_TEM-199	99.061	852	8	0	4296	5147	852	1	0.0	1530
NODE_3_length_6557_cov_3.507099_cutoff_0	gb_AY628176_+_75-936_ARO:3000987_TEM-125	98.722	861	11	0	4295	5155	861	1	0.0	1530
NODE_3_length_6557_cov_3.507099_cutoff_0	gb_AY327539_+_0-858_ARO:3000985_TEM-123	98.722	861	8	1	4295	5155	858	1	0.0	1526
NODE_3_length_6557_cov_3.507099_cutoff_0	gb_AY327540_+_0-858_ARO:3000986_TEM-124	98.722	861	8	1	4295	5155	858	1	0.0	1526
NODE_3_length_6557_cov_3.507099_cutoff_0	gb_JN935137_+_0-861_ARO:3001055_TEM-195	98.490	861	13	0	4295	5155	861	1	0.0	1519
NODE_3_length_6557_cov_3.507099_cutoff_0	gb_AY040093_+_68-929_ARO:3000965_TEM-102	98.490	861	13	0	4295	5155	861	1	0.0	1519
NODE_3_length_6557_cov_3.507099_cutoff_0	gb_AF047171_+_135-996_ARO:3000929_TEM-60	98.374	861	14	0	4295	5155	861	1	0.0	1513
NODE_3_length_6557_cov_3.507099_cutoff_0	gb_X98047_+_0-844_ARO:3000911_TEM-42	98.932	843	9	0	4304	5146	843	1	0.0	1507
NODE_3_length_6557_cov_3.507099_cutoff_0	gb_AF062386_+_30-862_ARO:3000928_TEM-59	99.278	831	6	0	4325	5155	831	1	0.0	1502
NODE_3_length_6557_cov_3.507099_cutoff_0	gb_AY039040_+_188-1022_ARO:3000956_TEM-89	99.041	834	8	0	4322	5155	834	1	0.0	1496
NODE_3_length_6557_cov_3.507099_cutoff_0	gb_JN935135_+_0-861_ARO:3001053_TEM-193	97.912	862	16	2	4295	5155	861	1	0.0	1491
NODE_3_length_6557_cov_3.507099_cutoff_0	gb_JN935136_+_0-861_ARO:3001054_TEM-194	97.445	861	22	0	4295	5155	861	1	0.0	1469
NODE_3_length_6557_cov_3.507099_cutoff_0	gb_X97254_+_153-1011_ARO:3001043_TEM-178	97.448	862	17	3	4295	5155	858	1	0.0	1465
NODE_3_length_6557_cov_3.507099_cutoff_0	gb_L19940_+_197-1006_ARO:3000896_TEM-26	99.258	809	6	0	4347	5155	809	1	0.0	1461
NODE_3_length_6557_cov_3.507099_cutoff_0	gb_AY130285_+_0-785_ARO:3000981_TEM-118	99.236	785	6	0	4335	5119	785	1	0.0	1417
NODE_3_length_6557_cov_3.507099_cutoff_0	gb_AF527798.1_+_0-785_ARO:3000879_TEM-7	99.236	785	6	0	4335	5119	785	1	0.0	1417
NODE_3_length_6557_cov_3.507099_cutoff_0	gb_AY130284_+_0-785_ARO:3000941_TEM-75	99.108	785	7	0	4335	5119	785	1	0.0	1411
NODE_3_length_6557_cov_3.507099_cutoff_0	gb_AY130282_+_0-764_ARO:3000980_TEM-117	99.607	764	3	0	4356	5119	764	1	0.0	1395
NODE_3_length_6557_cov_3.507099_cutoff_0	gb_JF949916_+_0-757_ARO:3001051_TEM-191	99.603	756	3	0	4370	5125	756	1	0.0	1380
NODE_3_length_6557_cov_3.507099_cutoff_0	gb_JF949915_+_0-754_ARO:3001052_TEM-192	99.602	753	3	0	4373	5125	753	1	0.0	1375
NODE_3_length_7076_cov_18.730676_cutoff_0	gb_AY043299.1_-_3984-5175_ARO:3000167_tet(C)	100.000	280	0	0	1146	1425	622	901	1.50e-146	518
NODE_1_length_15071_cov_24.708083_cutoff_15	gb_AF242872_+_2131-2878_ARO:3000375_ErmB	99.465	747	3	1	340	1085	1	747	0.0	1356
NODE_3_length_7564_cov_3.535595_cutoff_0	gb_AY928180_+_0-495_ARO:3002837_lnuC	99.192	495	4	0	84	578	495	1	0.0	893
NODE_1_length_7328_cov_10.097504_cutoff_10	gb_AF118110.1_-_71-1037_ARO:3003002_CfxA2	100.000	966	0	0	1595	2560	966	1	0.0	1784
NODE_1_length_7328_cov_10.097504_cutoff_10	gb_AF472622_+_52-1018_ARO:3003003_CfxA3	99.896	966	1	0	1595	2560	966	1	0.0	1779
NODE_1_length_7328_cov_10.097504_cutoff_10	gb_AY769934_+_27-993_ARO:3003096_CfxA5	99.896	966	1	0	1595	2560	966	1	0.0	1779
NODE_1_length_7328_cov_10.097504_cutoff_10	gb_U38243_+_149-1115_ARO:3003001_CfxA	99.896	966	1	0	1595	2560	966	1	0.0	1779
NODE_1_length_7328_cov_10.097504_cutoff_10	gb_AY769933_+_0-966_ARO:3003005_CfxA4	99.896	966	1	0	1595	2560	966	1	0.0	1779
NODE_1_length_6831_cov_203.044714_cutoff_153	gb_AF242872_+_2131-2878_ARO:3000375_ErmB	99.598	747	2	1	10	755	747	1	0.0	1362
NODE_1_length_9030_cov_267.983469_cutoff_118	gb_Z21523_+_0-1974_ARO:3000191_tetQ	97.366	1974	52	0	824	2797	1	1974	0.0	3358
NODE_1_length_6518_cov_19.293122_cutoff_10	gb_FR717535_+_0-861_ARO:3000910_TEM-40	99.884	861	1	0	131	991	1	861	0.0	1585
NODE_1_length_6518_cov_19.293122_cutoff_10	gb_AL513383_+_161910-162771_ARO:3000873_TEM-1	99.884	861	1	0	131	991	1	861	0.0	1585
NODE_1_length_6518_cov_19.293122_cutoff_10	gb_FJ405211_+_0-861_ARO:3000926_TEM-57	99.768	861	2	0	131	991	1	861	0.0	1580
NODE_1_length_6518_cov_19.293122_cutoff_10	gb_AM183304_+_208-1069_ARO:3001017_TEM-150	99.768	861	2	0	131	991	1	861	0.0	1580
NODE_1_length_6518_cov_19.293122_cutoff_10	gb_FJ919776_+_208-1069_ARO:3001034_TEM-168	99.768	861	2	0	131	991	1	861	0.0	1580
NODE_1_length_6518_cov_19.293122_cutoff_10	gb_AY956335_+_38-899_ARO:3001004_TEM-141	99.768	861	2	0	131	991	1	861	0.0	1580
NODE_1_length_6518_cov_19.293122_cutoff_10	gb_AF104442_+_193-1054_ARO:3000923_TEM-54	99.768	861	2	0	131	991	1	861	0.0	1580
NODE_1_length_6518_cov_19.293122_cutoff_10	gb_AM941159_+_208-1069_ARO:3001022_TEM-156	99.768	861	2	0	131	991	1	861	0.0	1580
NODE_1_length_6518_cov_19.293122_cutoff_10	gb_AF351241_+_89-950_ARO:3000957_TEM-90	99.768	861	2	0	131	991	1	861	0.0	1580
NODE_1_length_6518_cov_19.293122_cutoff_10	gb_KF240808_+_0-861_ARO:3001386_TEM-209	99.768	861	2	0	131	991	1	861	0.0	1580
NODE_1_length_6518_cov_19.293122_cutoff_10	gb_AY092401_+_0-861_ARO:3000963_TEM-96	99.768	861	2	0	131	991	1	861	0.0	1580
NODE_1_length_6518_cov_19.293122_cutoff_10	gb_GQ149347_+_5269-6130_ARO:3001037_TEM-171	99.768	861	2	0	131	991	1	861	0.0	1580
NODE_1_length_6518_cov_19.293122_cutoff_10	gb_DQ286729_+_0-861_ARO:3000924_TEM-55	99.768	861	2	0	131	991	1	861	0.0	1580
NODE_1_length_6518_cov_19.293122_cutoff_10	gb_AJ012256_+_208-1069_ARO:3000939_TEM-73	99.768	861	2	0	131	991	1	861	0.0	1580
NODE_1_length_6518_cov_19.293122_cutoff_10	gb_AY307100_+_0-861_ARO:3000984_TEM-122	99.768	861	2	0	131	991	1	861	0.0	1580
NODE_1_length_6518_cov_19.293122_cutoff_10	gb_HQ529916_+_110-971_ARO:3001045_TEM-183	99.768	861	2	0	131	991	1	861	0.0	1580
NODE_1_length_6518_cov_19.293122_cutoff_10	gb_JN254627_+_0-861_ARO:3001049_TEM-189	99.652	861	3	0	131	991	1	861	0.0	1574
NODE_1_length_6518_cov_19.293122_cutoff_10	gb_KP050492_+_0-861_ARO:3001392_TEM-215	99.652	861	3	0	131	991	1	861	0.0	1574
NODE_1_length_6518_cov_19.293122_cutoff_10	gb_AF516720_+_214-1075_ARO:3000968_TEM-105	99.652	861	3	0	131	991	1	861	0.0	1574
NODE_1_length_6518_cov_19.293122_cutoff_10	gb_FJ807656_+_0-861_ARO:3001020_TEM-154	99.652	861	3	0	131	991	1	861	0.0	1574
NODE_1_length_6518_cov_19.293122_cutoff_10	gb_AF190694_+_208-1069_ARO:3000942_TEM-76	99.652	861	3	0	131	991	1	861	0.0	1574
NODE_1_length_6518_cov_19.293122_cutoff_10	gb_KC865667_+_183-1044_ARO:3001385_TEM-208	99.652	861	3	0	131	991	1	861	0.0	1574
NODE_1_length_6518_cov_19.293122_cutoff_10	gb_AF188199_+_214-1075_ARO:3000936_TEM-70	99.652	861	3	0	131	991	1	861	0.0	1574
NODE_1_length_6518_cov_19.293122_cutoff_10	gb_AF427128_+_208-1069_ARO:3000949_TEM-82	99.652	861	3	0	131	991	1	861	0.0	1574
NODE_1_length_6518_cov_19.293122_cutoff_10	gb_DQ279850_+_0-861_ARO:3001014_TEM-147	99.652	861	3	0	131	991	1	861	0.0	1574
NODE_1_length_6518_cov_19.293122_cutoff_10	gb_AY368236_+_0-861_ARO:3000989_TEM-127	99.652	861	3	0	131	991	1	861	0.0	1574
NODE_1_length_6518_cov_19.293122_cutoff_10	gb_AJ634602.1_-_7839-8700_ARO:3000999_TEM-135	99.652	861	3	0	131	991	1	861	0.0	1574
NODE_1_length_6518_cov_19.293122_cutoff_10	gb_DQ075245_+_217-1078_ARO:3001006_TEM-143	99.652	861	3	0	131	991	1	861	0.0	1574
NODE_1_length_6518_cov_19.293122_cutoff_10	gb_AF427127_+_208-1069_ARO:3000948_TEM-81	99.652	861	3	0	131	991	1	861	0.0	1574
NODE_1_length_6518_cov_19.293122_cutoff_10	gb_KM114268_+_0-861_ARO:3003157_TEM-219	99.652	861	3	0	131	991	1	861	0.0	1574
NODE_1_length_6518_cov_19.293122_cutoff_10	gb_DQ105529_+_0-861_ARO:3001013_TEM-146	99.652	861	3	0	131	991	1	861	0.0	1574
NODE_1_length_6518_cov_19.293122_cutoff_10	gb_JN227084_+_308-1169_ARO:3001046_TEM-186	99.652	861	3	0	131	991	1	861	0.0	1574
NODE_1_length_6518_cov_19.293122_cutoff_10	gb_Y17584_+_0-858_ARO:3000899_TEM-29	99.767	858	2	0	131	988	1	858	0.0	1574
NODE_1_length_6518_cov_19.293122_cutoff_10	gb_KC149518_+_0-861_ARO:3001369_TEM-153	99.652	861	3	0	131	991	1	861	0.0	1574
NODE_1_length_6518_cov_19.293122_cutoff_10	gb_EU815939_+_0-861_ARO:3001029_TEM-163	99.652	861	3	0	131	991	1	861	0.0	1574
NODE_1_length_6518_cov_19.293122_cutoff_10	gb_X57972_+_339-1200_ARO:3000878_TEM-6	99.652	861	3	0	131	991	1	861	0.0	1574
NODE_1_length_6518_cov_19.293122_cutoff_10	gb_HG934763_+_0-861_ARO:3001394_TEM-217	99.652	861	3	0	131	991	1	861	0.0	1574
NODE_1_length_6518_cov_19.293122_cutoff_10	gb_AJ437107_+_208-1069_ARO:3000900_TEM-30	99.652	861	3	0	131	991	1	861	0.0	1574
NODE_1_length_6518_cov_19.293122_cutoff_10	gb_AJ308558_+_181-1042_ARO:3000962_TEM-95	99.652	861	3	0	131	991	1	861	0.0	1574
NODE_1_length_6518_cov_19.293122_cutoff_10	gb_AY368237_+_0-861_ARO:3000990_TEM-128	99.652	861	3	0	131	991	1	861	0.0	1574
NODE_1_length_6518_cov_19.293122_cutoff_10	gb_GU371926_-_50304-51165_ARO:3000903_TEM-33	99.652	861	3	0	131	991	1	861	0.0	1574
NODE_1_length_6518_cov_19.293122_cutoff_10	gb_KP050491_+_0-861_ARO:3001391_TEM-214	99.652	861	3	0	131	991	1	861	0.0	1574
NODE_1_length_6518_cov_19.293122_cutoff_10	gb_AY589493_+_166-1027_ARO:3000975_TEM-112	99.652	861	3	0	131	991	1	861	0.0	1574
NODE_1_length_6518_cov_19.293122_cutoff_10	gb_FJ197316_+_0-861_ARO:3001032_TEM-166	99.652	861	3	0	131	991	1	861	0.0	1574
NODE_1_length_6518_cov_19.293122_cutoff_10	gb_AM087454_+_208-1069_ARO:3001015_TEM-148	99.652	861	3	0	131	991	1	861	0.0	1574
NODE_1_length_6518_cov_19.293122_cutoff_10	gb_GU550123_+_144-1005_ARO:3001041_TEM-176	99.652	861	3	0	131	991	1	861	0.0	1574
NODE_1_length_6518_cov_19.293122_cutoff_10	gb_KC818234_+_0-861_ARO:3001384_TEM-207	99.652	861	3	0	131	991	1	861	0.0	1574
NODE_1_length_6518_cov_19.293122_cutoff_10	gb_AB049569_+_0-861_ARO:3000958_TEM-91	99.652	861	3	0	131	991	1	861	0.0	1574
NODE_1_length_6518_cov_19.293122_cutoff_10	gb_KC783461_+_0-861_ARO:3001383_TEM-206	99.652	861	3	0	131	991	1	861	0.0	1574
NODE_1_length_6518_cov_19.293122_cutoff_10	gb_AB700703_+_161-1022_ARO:3001057_TEM-198	99.652	861	3	0	131	991	1	861	0.0	1574
NODE_1_length_6518_cov_19.293122_cutoff_10	gb_NC_002156_+_1429-2290_ARO:3000979_TEM-116	99.652	861	3	0	131	991	1	861	0.0	1574
NODE_1_length_6518_cov_19.293122_cutoff_10	gb_KC292503_+_4334-5195_ARO:3000904_TEM-34	99.652	861	3	0	131	991	1	861	0.0	1574
NODE_1_length_6518_cov_19.293122_cutoff_10	gb_KM998962.1_+_0-861_ARO:3003158_TEM-220	99.535	861	4	0	131	991	1	861	0.0	1568
NODE_1_length_6518_cov_19.293122_cutoff_10	gb_JQ034306_+_0-861_ARO:3001376_TEM-196	99.535	861	4	0	131	991	1	861	0.0	1568
NODE_1_length_6518_cov_19.293122_cutoff_10	gb_EU274580_+_214-1075_ARO:3001030_TEM-164	99.535	861	4	0	131	991	1	861	0.0	1568
NODE_1_length_6518_cov_19.293122_cutoff_10	gb_M88143_+_367-1228_ARO:3000884_TEM-12	99.535	861	4	0	131	991	1	861	0.0	1568
NODE_1_length_6518_cov_19.293122_cutoff_10	gb_JX042489_+_141-1002_ARO:3000890_TEM-19	99.535	861	4	0	131	991	1	861	0.0	1568
NODE_1_length_6518_cov_19.293122_cutoff_10	gb_AF535127_+_208-1069_ARO:3000978_TEM-115	99.535	861	4	0	131	991	1	861	0.0	1568
NODE_1_length_6518_cov_19.293122_cutoff_10	gb_AF347054_+_208-1069_ARO:3000947_TEM-80	99.535	861	4	0	131	991	1	861	0.0	1568
NODE_1_length_6518_cov_19.293122_cutoff_10	gb_HQ877606_+_0-861_ARO:3001056_TEM-197	99.535	861	4	0	131	991	1	861	0.0	1568
NODE_1_length_6518_cov_19.293122_cutoff_10	gb_KF944358_+_0-861_ARO:3001393_TEM-216	99.535	861	4	0	131	991	1	861	0.0	1568
NODE_1_length_6518_cov_19.293122_cutoff_10	gb_AM849805_+_262-1123_ARO:3000886_TEM-15	99.535	861	4	0	131	991	1	861	0.0	1568
NODE_1_length_6518_cov_19.293122_cutoff_10	gb_AJ318093_+_0-861_ARO:3000960_TEM-93	99.535	861	4	0	131	991	1	861	0.0	1568
NODE_1_length_6518_cov_19.293122_cutoff_10	gb_AF516719_+_214-1075_ARO:3000967_TEM-104	99.535	861	4	0	131	991	1	861	0.0	1568
NODE_1_length_6518_cov_19.293122_cutoff_10	gb_AM049399_+_0-861_ARO:3001007_TEM-144	99.535	861	4	0	131	991	1	861	0.0	1568
NODE_1_length_6518_cov_19.293122_cutoff_10	gb_AF190692_+_208-1069_ARO:3000946_TEM-79	99.535	861	4	0	131	991	1	861	0.0	1568
NODE_1_length_6518_cov_19.293122_cutoff_10	gb_FJ873740_+_0-858_ARO:3001035_TEM-169	99.650	858	3	0	131	988	1	858	0.0	1568
NODE_1_length_6518_cov_19.293122_cutoff_10	gb_U37195_+_75-936_ARO:3000898_TEM-28	99.535	861	4	0	131	991	1	861	0.0	1568
NODE_1_length_6518_cov_19.293122_cutoff_10	gb_JF795538_+_0-861_ARO:3001374_TEM-185	99.535	861	4	0	131	991	1	861	0.0	1568
NODE_1_length_6518_cov_19.293122_cutoff_10	gb_AY243512_+_208-1069_ARO:3000982_TEM-120	99.535	861	4	0	131	991	1	861	0.0	1568
NODE_1_length_6518_cov_19.293122_cutoff_10	gb_AF093512_+_197-1058_ARO:3000882_TEM-10	99.535	861	4	0	131	991	1	861	0.0	1568
NODE_1_length_6518_cov_19.293122_cutoff_10	gb_JX310327_+_0-861_ARO:3001378_TEM-201	99.535	861	4	0	131	991	1	861	0.0	1568
NODE_1_length_6518_cov_19.293122_cutoff_10	gb_DQ105528_+_0-861_ARO:3001012_TEM-145	99.535	861	4	0	131	991	1	861	0.0	1568
NODE_1_length_6518_cov_19.293122_cutoff_10	gb_AY101578_+_214-1075_ARO:3000969_TEM-106	99.535	861	4	0	131	991	1	861	0.0	1568
NODE_1_length_6518_cov_19.293122_cutoff_10	gb_Y13612_+_0-861_ARO:3000921_TEM-52	99.535	861	4	0	131	991	1	861	0.0	1568
NODE_1_length_6518_cov_19.293122_cutoff_10	gb_AF427130_+_208-1069_ARO:3000951_TEM-84	99.535	861	4	0	131	991	1	861	0.0	1568
NODE_1_length_6518_cov_19.293122_cutoff_10	gb_X54606_+_214-1075_ARO:3000874_TEM-2	99.535	861	4	0	131	991	1	861	0.0	1568
NODE_1_length_6518_cov_19.293122_cutoff_10	gb_DQ679961_+_114-975_ARO:3001021_TEM-155	99.535	861	4	0	131	991	1	861	0.0	1568
NODE_1_length_6518_cov_19.293122_cutoff_10	gb_U95363_+_0-861_ARO:3000912_TEM-43	99.535	861	4	0	131	991	1	861	0.0	1568
NODE_1_length_6518_cov_19.293122_cutoff_10	gb_AY628175_+_210-1071_ARO:3000972_TEM-109	99.535	861	4	0	131	991	1	861	0.0	1568
NODE_1_length_6518_cov_19.293122_cutoff_10	gb_AY628199_+_203-1064_ARO:3000988_TEM-126	99.535	861	4	0	131	991	1	861	0.0	1568
NODE_1_length_6518_cov_19.293122_cutoff_10	gb_AF104441_+_193-1054_ARO:3000922_TEM-53	99.419	861	5	0	131	991	1	861	0.0	1563
NODE_1_length_6518_cov_19.293122_cutoff_10	gb_EF136377_+_0-861_ARO:3001026_TEM-160	99.419	861	5	0	131	991	1	861	0.0	1563
NODE_1_length_6518_cov_19.293122_cutoff_10	gb_DQ909059_+_0-861_ARO:3001023_TEM-157	99.419	861	5	0	131	991	1	861	0.0	1563
NODE_1_length_6518_cov_19.293122_cutoff_10	gb_X95401_+_208-1069_ARO:3000914_TEM-45	99.419	861	5	0	131	991	1	861	0.0	1563
NODE_1_length_6518_cov_19.293122_cutoff_10	gb_AY826417_+_0-861_ARO:3001000_TEM-136	99.419	861	5	0	131	991	1	861	0.0	1563
NODE_1_length_6518_cov_19.293122_cutoff_10	gb_KF663615_+_0-858_ARO:3001390_TEM-213	99.534	858	4	0	131	988	1	858	0.0	1563
NODE_1_length_6518_cov_19.293122_cutoff_10	gb_EF136376_+_0-861_ARO:3001025_TEM-159	99.419	861	5	0	131	991	1	861	0.0	1563
NODE_1_length_6518_cov_19.293122_cutoff_10	gb_AY072920_+_0-861_ARO:3000973_TEM-110	99.419	861	5	0	131	991	1	861	0.0	1563
NODE_1_length_6518_cov_19.293122_cutoff_10	gb_AY528425_+_0-861_ARO:3000997_TEM-133	99.419	861	5	0	131	991	1	861	0.0	1563
NODE_1_length_6518_cov_19.293122_cutoff_10	gb_HQ317449_+_0-861_ARO:3001373_TEM-182	99.419	861	5	0	131	991	1	861	0.0	1563
NODE_1_length_6518_cov_19.293122_cutoff_10	gb_AF203816_+_210-1071_ARO:3000937_TEM-71	99.419	861	5	0	131	991	1	861	0.0	1563
NODE_1_length_6518_cov_19.293122_cutoff_10	gb_AY874537_+_177-1038_ARO:3000883_TEM-11	99.419	861	5	0	131	991	1	861	0.0	1563
NODE_1_length_6518_cov_19.293122_cutoff_10	gb_EF534736_+_213-1074_ARO:3001024_TEM-158	99.419	861	5	0	131	991	1	861	0.0	1563
NODE_1_length_6518_cov_19.293122_cutoff_10	gb_AY491682_+_0-861_ARO:3000996_TEM-132	99.419	861	5	0	131	991	1	861	0.0	1563
NODE_1_length_6518_cov_19.293122_cutoff_10	gb_X65253_+_175-1036_ARO:3000894_TEM-24	99.303	861	6	0	131	991	1	861	0.0	1557
NODE_1_length_6518_cov_19.293122_cutoff_10	gb_AF468003_+_0-861_ARO:3000974_TEM-111	99.303	861	6	0	131	991	1	861	0.0	1557
NODE_1_length_6518_cov_19.293122_cutoff_10	gb_JN416112_+_0-861_ARO:3001050_TEM-190	99.303	861	6	0	131	991	1	861	0.0	1557
NODE_1_length_6518_cov_19.293122_cutoff_10	gb_X64523.1_-_476-1337_ARO:3000875_TEM-3	99.303	861	6	0	131	991	1	861	0.0	1557
NODE_1_length_6518_cov_19.293122_cutoff_10	gb_Y17581_+_78-936_ARO:3000891_TEM-20	99.417	858	5	0	131	988	1	858	0.0	1557
NODE_1_length_6518_cov_19.293122_cutoff_10	gb_AM286274_+_0-861_ARO:3001001_TEM-137	99.303	861	6	0	131	991	1	861	0.0	1557
NODE_1_length_6518_cov_19.293122_cutoff_10	gb_AY027590_+_112-973_ARO:3000955_TEM-88	99.303	861	6	0	131	991	1	861	0.0	1557
NODE_1_length_6518_cov_19.293122_cutoff_10	gb_AF427129_+_208-1069_ARO:3000950_TEM-83	99.303	861	6	0	131	991	1	861	0.0	1557
NODE_1_length_6518_cov_19.293122_cutoff_10	gb_AY101764_+_206-1067_ARO:3000970_TEM-107	99.303	861	6	0	131	991	1	861	0.0	1557
NODE_1_length_6518_cov_19.293122_cutoff_10	gb_JN211012_+_213-1074_ARO:3001048_TEM-188	99.303	861	6	0	131	991	1	861	0.0	1557
NODE_1_length_6518_cov_19.293122_cutoff_10	gb_Y14574_+_0-861_ARO:3000888_TEM-17	99.303	861	6	0	131	991	1	861	0.0	1557
NODE_1_length_6518_cov_19.293122_cutoff_10	gb_AF091113_+_450-1311_ARO:3000934_TEM-67	99.303	861	6	0	131	991	1	861	0.0	1557
NODE_1_length_6518_cov_19.293122_cutoff_10	gb_AY853593_+_214-1075_ARO:3001002_TEM-138	99.303	861	6	0	131	991	1	861	0.0	1557
NODE_1_length_6518_cov_19.293122_cutoff_10	gb_AF190693_+_208-1069_ARO:3000944_TEM-78	99.303	861	6	0	131	991	1	861	0.0	1557
NODE_1_length_6518_cov_19.293122_cutoff_10	gb_X65254_+_175-1036_ARO:3000887_TEM-16	99.303	861	6	0	131	991	1	861	0.0	1557
NODE_1_length_6518_cov_19.293122_cutoff_10	gb_Y10279_+_0-861_ARO:3000916_TEM-47	99.303	861	6	0	131	991	1	861	0.0	1557
NODE_1_length_6518_cov_19.293122_cutoff_10	gb_NG_050265_+_100-961_ARO:3000876_TEM-4	99.187	861	7	0	131	991	1	861	0.0	1552
NODE_1_length_6518_cov_19.293122_cutoff_10	gb_X65252_+_175-1036_ARO:3000880_TEM-8	99.187	861	7	0	131	991	1	861	0.0	1552
NODE_1_length_6518_cov_19.293122_cutoff_10	gb_Y10280_+_0-861_ARO:3000917_TEM-48	99.187	861	7	0	131	991	1	861	0.0	1552
NODE_1_length_6518_cov_19.293122_cutoff_10	gb_FR848831_+_0-861_ARO:3001375_TEM-184	99.187	861	7	0	131	991	1	861	0.0	1552
NODE_1_length_6518_cov_19.293122_cutoff_10	gb_AJ277414_+_0-861_ARO:3000952_TEM-85	99.187	861	7	0	131	991	1	861	0.0	1552
NODE_1_length_6518_cov_19.293122_cutoff_10	gb_DQ369751_+_0-861_ARO:3001016_TEM-149	99.187	861	7	0	131	991	1	861	0.0	1552
NODE_1_length_6518_cov_19.293122_cutoff_10	gb_AY589495_+_181-1042_ARO:3000977_TEM-114	99.187	861	7	0	131	991	1	861	0.0	1552
NODE_1_length_6518_cov_19.293122_cutoff_10	gb_AY574271_+_0-861_ARO:3000998_TEM-134	99.187	861	7	0	131	991	1	861	0.0	1552
NODE_1_length_6518_cov_19.293122_cutoff_10	gb_AJ746225_+_0-861_ARO:3000993_TEM-129	99.187	861	7	0	131	991	1	861	0.0	1552
NODE_1_length_6518_cov_19.293122_cutoff_10	gb_DQ834728_+_205-1066_ARO:3001019_TEM-152	99.187	861	7	0	131	991	1	861	0.0	1552
NODE_1_length_6518_cov_19.293122_cutoff_10	gb_AF332513_+_103-964_ARO:3000931_TEM-63	99.187	861	7	0	131	991	1	861	0.0	1552
NODE_1_length_6518_cov_19.293122_cutoff_10	gb_DQ388882_+_0-861_ARO:3001005_TEM-142	99.187	861	7	0	131	991	1	861	0.0	1552
NODE_1_length_6518_cov_19.293122_cutoff_10	gb_AJ239002_+_0-861_ARO:3000935_TEM-68	99.187	861	7	0	131	991	1	861	0.0	1552
NODE_1_length_6518_cov_19.293122_cutoff_10	gb_DQ834729_+_205-1066_ARO:3001018_TEM-151	99.187	861	7	0	131	991	1	861	0.0	1552
NODE_1_length_6518_cov_19.293122_cutoff_10	gb_AF143804_+_0-861_ARO:3000959_TEM-92	99.187	861	7	0	131	991	1	861	0.0	1552
NODE_1_length_6518_cov_19.293122_cutoff_10	gb_AF157553_+_147-1008_ARO:3000938_TEM-72	99.187	861	7	0	131	991	1	861	0.0	1552
NODE_1_length_6518_cov_19.293122_cutoff_10	gb_AF506748_+_38-899_ARO:3000971_TEM-108	99.414	853	5	0	139	991	9	861	0.0	1548
NODE_1_length_6518_cov_19.293122_cutoff_10	gb_AY436361_+_131-992_ARO:3000995_TEM-131	99.071	861	8	0	131	991	1	861	0.0	1548
NODE_1_length_6518_cov_19.293122_cutoff_10	gb_FJ360884_+_213-1074_ARO:3001033_TEM-167	99.071	861	8	0	131	991	1	861	0.0	1546
NODE_1_length_6518_cov_19.293122_cutoff_10	gb_AJ277415_+_0-861_ARO:3000953_TEM-86	99.071	861	8	0	131	991	1	861	0.0	1546
NODE_1_length_6518_cov_19.293122_cutoff_10	gb_AJ318094_+_0-861_ARO:3000961_TEM-94	99.071	861	8	0	131	991	1	861	0.0	1546
NODE_1_length_6518_cov_19.293122_cutoff_10	gb_AF495873_+_0-861_ARO:3000964_TEM-101	99.071	861	8	0	131	991	1	861	0.0	1546
NODE_1_length_6518_cov_19.293122_cutoff_10	gb_DQ072853_+_0-861_ARO:3001003_TEM-139	99.071	861	8	0	131	991	1	861	0.0	1546
NODE_1_length_6518_cov_19.293122_cutoff_10	gb_Y10281_+_0-861_ARO:3000918_TEM-49	99.071	861	8	0	131	991	1	861	0.0	1546
NODE_1_length_6518_cov_19.293122_cutoff_10	gb_AY589494_+_193-1054_ARO:3000976_TEM-113	99.071	861	8	0	131	991	1	861	0.0	1546
NODE_1_length_6518_cov_19.293122_cutoff_10	gb_Y17582_+_0-858_ARO:3000892_TEM-21	99.184	858	7	0	131	988	1	858	0.0	1546
NODE_1_length_6518_cov_19.293122_cutoff_10	gb_Y17583_+_213-1071_ARO:3000893_TEM-22	99.184	858	7	0	131	988	1	858	0.0	1546
NODE_1_length_6518_cov_19.293122_cutoff_10	gb_AY271267_+_0-861_ARO:3000983_TEM-121	99.071	861	8	0	131	991	1	861	0.0	1546
NODE_1_length_6518_cov_19.293122_cutoff_10	gb_AF250872_+_0-861_ARO:3000954_TEM-87	99.071	861	8	0	131	991	1	861	0.0	1546
NODE_1_length_6518_cov_19.293122_cutoff_10	gb_HM246246_+_211-1069_ARO:3001047_TEM-187	99.183	857	7	0	131	987	1	857	0.0	1544
NODE_1_length_6518_cov_19.293122_cutoff_10	gb_KF513179_+_0-861_ARO:3001388_TEM-211	98.955	861	9	0	131	991	1	861	0.0	1541
NODE_1_length_6518_cov_19.293122_cutoff_10	gb_AJ866988_+_0-861_ARO:3000994_TEM-130	98.955	861	9	0	131	991	1	861	0.0	1541
NODE_1_length_6518_cov_19.293122_cutoff_10	gb_FN652295_+_0-861_ARO:3001042_TEM-177	98.955	861	9	0	131	991	1	861	0.0	1541
NODE_1_length_6518_cov_19.293122_cutoff_10	gb_KC900516_+_0-858_ARO:3001382_TEM-205	99.068	858	8	0	131	988	1	858	0.0	1541
NODE_1_length_6518_cov_19.293122_cutoff_10	gb_EF468463_+_66-927_ARO:3001028_TEM-162	98.955	861	9	0	131	991	1	861	0.0	1541
NODE_1_length_6518_cov_19.293122_cutoff_10	gb_JX050178_+_0-852_ARO:3001058_TEM-199	99.178	852	7	0	139	990	1	852	0.0	1535
NODE_1_length_6518_cov_19.293122_cutoff_10	gb_AY628176_+_75-936_ARO:3000987_TEM-125	98.839	861	10	0	131	991	1	861	0.0	1535
NODE_1_length_6518_cov_19.293122_cutoff_10	gb_AY327539_+_0-858_ARO:3000985_TEM-123	98.839	861	7	1	131	991	1	858	0.0	1531
NODE_1_length_6518_cov_19.293122_cutoff_10	gb_AY327540_+_0-858_ARO:3000986_TEM-124	98.839	861	7	1	131	991	1	858	0.0	1531
NODE_1_length_6518_cov_19.293122_cutoff_10	gb_JN935137_+_0-861_ARO:3001055_TEM-195	98.606	861	12	0	131	991	1	861	0.0	1524
NODE_1_length_6518_cov_19.293122_cutoff_10	gb_AY040093_+_68-929_ARO:3000965_TEM-102	98.606	861	12	0	131	991	1	861	0.0	1524
NODE_1_length_6518_cov_19.293122_cutoff_10	gb_AF047171_+_135-996_ARO:3000929_TEM-60	98.490	861	13	0	131	991	1	861	0.0	1519
NODE_1_length_6518_cov_19.293122_cutoff_10	gb_X98047_+_0-844_ARO:3000911_TEM-42	99.051	843	8	0	140	982	1	843	0.0	1513
NODE_1_length_6518_cov_19.293122_cutoff_10	gb_AF062386_+_30-862_ARO:3000928_TEM-59	99.398	831	5	0	131	961	1	831	0.0	1507
NODE_1_length_6518_cov_19.293122_cutoff_10	gb_AY039040_+_188-1022_ARO:3000956_TEM-89	99.161	834	7	0	131	964	1	834	0.0	1502
NODE_1_length_6518_cov_19.293122_cutoff_10	gb_JN935135_+_0-861_ARO:3001053_TEM-193	98.028	862	15	2	131	991	1	861	0.0	1496
NODE_1_length_6518_cov_19.293122_cutoff_10	gb_JN935136_+_0-861_ARO:3001054_TEM-194	97.561	861	21	0	131	991	1	861	0.0	1474
NODE_1_length_6518_cov_19.293122_cutoff_10	gb_X97254_+_153-1011_ARO:3001043_TEM-178	97.564	862	16	3	131	991	1	858	0.0	1471
NODE_1_length_6518_cov_19.293122_cutoff_10	gb_L19940_+_197-1006_ARO:3000896_TEM-26	99.382	809	5	0	131	939	1	809	0.0	1467
NODE_1_length_6518_cov_19.293122_cutoff_10	gb_AY130285_+_0-785_ARO:3000981_TEM-118	99.363	785	5	0	167	951	1	785	0.0	1423
NODE_1_length_6518_cov_19.293122_cutoff_10	gb_AF527798.1_+_0-785_ARO:3000879_TEM-7	99.363	785	5	0	167	951	1	785	0.0	1423
NODE_1_length_6518_cov_19.293122_cutoff_10	gb_AY130284_+_0-785_ARO:3000941_TEM-75	99.236	785	6	0	167	951	1	785	0.0	1417
NODE_1_length_6518_cov_19.293122_cutoff_10	gb_AY130282_+_0-764_ARO:3000980_TEM-117	99.738	764	2	0	167	930	1	764	0.0	1400
NODE_1_length_6518_cov_19.293122_cutoff_10	gb_JF949916_+_0-757_ARO:3001051_TEM-191	99.735	756	2	0	161	916	1	756	0.0	1386
NODE_1_length_6518_cov_19.293122_cutoff_10	gb_JF949915_+_0-754_ARO:3001052_TEM-192	99.734	753	2	0	161	913	1	753	0.0	1380
NODE_1_length_7592_cov_169.702329_cutoff_70	gb_AF242872_+_2131-2878_ARO:3000375_ErmB	99.465	747	3	1	6245	6990	1	747	0.0	1356
NODE_4_length_6372_cov_13.530103_cutoff_5	gb_GQ342996_+_797-1793_ARO:3003097_CfxA6	87.302	756	94	2	3343	4097	175	929	0.0	863
NODE_4_length_6372_cov_13.530103_cutoff_5	gb_AF118110.1_-_71-1037_ARO:3003002_CfxA2	85.000	680	102	0	3418	4097	217	896	0.0	691
NODE_4_length_6372_cov_13.530103_cutoff_5	gb_AF472622_+_52-1018_ARO:3003003_CfxA3	84.853	680	103	0	3418	4097	217	896	0.0	686
NODE_4_length_6372_cov_13.530103_cutoff_5	gb_AY769934_+_27-993_ARO:3003096_CfxA5	84.853	680	103	0	3418	4097	217	896	0.0	686
NODE_4_length_6372_cov_13.530103_cutoff_5	gb_U38243_+_149-1115_ARO:3003001_CfxA	84.853	680	103	0	3418	4097	217	896	0.0	686
NODE_4_length_6372_cov_13.530103_cutoff_5	gb_AY769933_+_0-966_ARO:3003005_CfxA4	84.853	680	103	0	3418	4097	217	896	0.0	686
NODE_13_length_7076_cov_2.689527_cutoff_0	gb_AY043299.1_-_3984-5175_ARO:3000167_tet(C)	100.000	280	0	0	333	612	622	901	1.50e-146	518
NODE_3_length_6617_cov_8.652752_cutoff_5	gb_FR717535_+_0-861_ARO:3000910_TEM-40	99.884	861	1	0	3224	4084	861	1	0.0	1585
NODE_3_length_6617_cov_8.652752_cutoff_5	gb_AL513383_+_161910-162771_ARO:3000873_TEM-1	99.884	861	1	0	3224	4084	861	1	0.0	1585
NODE_3_length_6617_cov_8.652752_cutoff_5	gb_FJ405211_+_0-861_ARO:3000926_TEM-57	99.768	861	2	0	3224	4084	861	1	0.0	1580
NODE_3_length_6617_cov_8.652752_cutoff_5	gb_AM183304_+_208-1069_ARO:3001017_TEM-150	99.768	861	2	0	3224	4084	861	1	0.0	1580
NODE_3_length_6617_cov_8.652752_cutoff_5	gb_FJ919776_+_208-1069_ARO:3001034_TEM-168	99.768	861	2	0	3224	4084	861	1	0.0	1580
NODE_3_length_6617_cov_8.652752_cutoff_5	gb_AY956335_+_38-899_ARO:3001004_TEM-141	99.768	861	2	0	3224	4084	861	1	0.0	1580
NODE_3_length_6617_cov_8.652752_cutoff_5	gb_AF104442_+_193-1054_ARO:3000923_TEM-54	99.768	861	2	0	3224	4084	861	1	0.0	1580
NODE_3_length_6617_cov_8.652752_cutoff_5	gb_AM941159_+_208-1069_ARO:3001022_TEM-156	99.768	861	2	0	3224	4084	861	1	0.0	1580
NODE_3_length_6617_cov_8.652752_cutoff_5	gb_AF351241_+_89-950_ARO:3000957_TEM-90	99.768	861	2	0	3224	4084	861	1	0.0	1580
NODE_3_length_6617_cov_8.652752_cutoff_5	gb_KF240808_+_0-861_ARO:3001386_TEM-209	99.768	861	2	0	3224	4084	861	1	0.0	1580
NODE_3_length_6617_cov_8.652752_cutoff_5	gb_AY092401_+_0-861_ARO:3000963_TEM-96	99.768	861	2	0	3224	4084	861	1	0.0	1580
NODE_3_length_6617_cov_8.652752_cutoff_5	gb_GQ149347_+_5269-6130_ARO:3001037_TEM-171	99.768	861	2	0	3224	4084	861	1	0.0	1580
NODE_3_length_6617_cov_8.652752_cutoff_5	gb_DQ286729_+_0-861_ARO:3000924_TEM-55	99.768	861	2	0	3224	4084	861	1	0.0	1580
NODE_3_length_6617_cov_8.652752_cutoff_5	gb_AJ012256_+_208-1069_ARO:3000939_TEM-73	99.768	861	2	0	3224	4084	861	1	0.0	1580
NODE_3_length_6617_cov_8.652752_cutoff_5	gb_AY307100_+_0-861_ARO:3000984_TEM-122	99.768	861	2	0	3224	4084	861	1	0.0	1580
NODE_3_length_6617_cov_8.652752_cutoff_5	gb_HQ529916_+_110-971_ARO:3001045_TEM-183	99.768	861	2	0	3224	4084	861	1	0.0	1580
NODE_3_length_6617_cov_8.652752_cutoff_5	gb_JN254627_+_0-861_ARO:3001049_TEM-189	99.652	861	3	0	3224	4084	861	1	0.0	1574
NODE_3_length_6617_cov_8.652752_cutoff_5	gb_KP050492_+_0-861_ARO:3001392_TEM-215	99.652	861	3	0	3224	4084	861	1	0.0	1574
NODE_3_length_6617_cov_8.652752_cutoff_5	gb_AF516720_+_214-1075_ARO:3000968_TEM-105	99.652	861	3	0	3224	4084	861	1	0.0	1574
NODE_3_length_6617_cov_8.652752_cutoff_5	gb_FJ807656_+_0-861_ARO:3001020_TEM-154	99.652	861	3	0	3224	4084	861	1	0.0	1574
NODE_3_length_6617_cov_8.652752_cutoff_5	gb_AF190694_+_208-1069_ARO:3000942_TEM-76	99.652	861	3	0	3224	4084	861	1	0.0	1574
NODE_3_length_6617_cov_8.652752_cutoff_5	gb_KC865667_+_183-1044_ARO:3001385_TEM-208	99.652	861	3	0	3224	4084	861	1	0.0	1574
NODE_3_length_6617_cov_8.652752_cutoff_5	gb_AF188199_+_214-1075_ARO:3000936_TEM-70	99.652	861	3	0	3224	4084	861	1	0.0	1574
NODE_3_length_6617_cov_8.652752_cutoff_5	gb_AF427128_+_208-1069_ARO:3000949_TEM-82	99.652	861	3	0	3224	4084	861	1	0.0	1574
NODE_3_length_6617_cov_8.652752_cutoff_5	gb_DQ279850_+_0-861_ARO:3001014_TEM-147	99.652	861	3	0	3224	4084	861	1	0.0	1574
NODE_3_length_6617_cov_8.652752_cutoff_5	gb_AY368236_+_0-861_ARO:3000989_TEM-127	99.652	861	3	0	3224	4084	861	1	0.0	1574
NODE_3_length_6617_cov_8.652752_cutoff_5	gb_AJ634602.1_-_7839-8700_ARO:3000999_TEM-135	99.652	861	3	0	3224	4084	861	1	0.0	1574
NODE_3_length_6617_cov_8.652752_cutoff_5	gb_DQ075245_+_217-1078_ARO:3001006_TEM-143	99.652	861	3	0	3224	4084	861	1	0.0	1574
NODE_3_length_6617_cov_8.652752_cutoff_5	gb_AF427127_+_208-1069_ARO:3000948_TEM-81	99.652	861	3	0	3224	4084	861	1	0.0	1574
NODE_3_length_6617_cov_8.652752_cutoff_5	gb_KM114268_+_0-861_ARO:3003157_TEM-219	99.652	861	3	0	3224	4084	861	1	0.0	1574
NODE_3_length_6617_cov_8.652752_cutoff_5	gb_DQ105529_+_0-861_ARO:3001013_TEM-146	99.652	861	3	0	3224	4084	861	1	0.0	1574
NODE_3_length_6617_cov_8.652752_cutoff_5	gb_JN227084_+_308-1169_ARO:3001046_TEM-186	99.652	861	3	0	3224	4084	861	1	0.0	1574
NODE_3_length_6617_cov_8.652752_cutoff_5	gb_Y17584_+_0-858_ARO:3000899_TEM-29	99.767	858	2	0	3227	4084	858	1	0.0	1574
NODE_3_length_6617_cov_8.652752_cutoff_5	gb_KC149518_+_0-861_ARO:3001369_TEM-153	99.652	861	3	0	3224	4084	861	1	0.0	1574
NODE_3_length_6617_cov_8.652752_cutoff_5	gb_EU815939_+_0-861_ARO:3001029_TEM-163	99.652	861	3	0	3224	4084	861	1	0.0	1574
NODE_3_length_6617_cov_8.652752_cutoff_5	gb_X57972_+_339-1200_ARO:3000878_TEM-6	99.652	861	3	0	3224	4084	861	1	0.0	1574
NODE_3_length_6617_cov_8.652752_cutoff_5	gb_HG934763_+_0-861_ARO:3001394_TEM-217	99.652	861	3	0	3224	4084	861	1	0.0	1574
NODE_3_length_6617_cov_8.652752_cutoff_5	gb_AJ437107_+_208-1069_ARO:3000900_TEM-30	99.652	861	3	0	3224	4084	861	1	0.0	1574
NODE_3_length_6617_cov_8.652752_cutoff_5	gb_AJ308558_+_181-1042_ARO:3000962_TEM-95	99.652	861	3	0	3224	4084	861	1	0.0	1574
NODE_3_length_6617_cov_8.652752_cutoff_5	gb_AY368237_+_0-861_ARO:3000990_TEM-128	99.652	861	3	0	3224	4084	861	1	0.0	1574
NODE_3_length_6617_cov_8.652752_cutoff_5	gb_GU371926_-_50304-51165_ARO:3000903_TEM-33	99.652	861	3	0	3224	4084	861	1	0.0	1574
NODE_3_length_6617_cov_8.652752_cutoff_5	gb_KP050491_+_0-861_ARO:3001391_TEM-214	99.652	861	3	0	3224	4084	861	1	0.0	1574
NODE_3_length_6617_cov_8.652752_cutoff_5	gb_AY589493_+_166-1027_ARO:3000975_TEM-112	99.652	861	3	0	3224	4084	861	1	0.0	1574
NODE_3_length_6617_cov_8.652752_cutoff_5	gb_FJ197316_+_0-861_ARO:3001032_TEM-166	99.652	861	3	0	3224	4084	861	1	0.0	1574
NODE_3_length_6617_cov_8.652752_cutoff_5	gb_AM087454_+_208-1069_ARO:3001015_TEM-148	99.652	861	3	0	3224	4084	861	1	0.0	1574
NODE_3_length_6617_cov_8.652752_cutoff_5	gb_GU550123_+_144-1005_ARO:3001041_TEM-176	99.652	861	3	0	3224	4084	861	1	0.0	1574
NODE_3_length_6617_cov_8.652752_cutoff_5	gb_KC818234_+_0-861_ARO:3001384_TEM-207	99.652	861	3	0	3224	4084	861	1	0.0	1574
NODE_3_length_6617_cov_8.652752_cutoff_5	gb_AB049569_+_0-861_ARO:3000958_TEM-91	99.652	861	3	0	3224	4084	861	1	0.0	1574
NODE_3_length_6617_cov_8.652752_cutoff_5	gb_KC783461_+_0-861_ARO:3001383_TEM-206	99.652	861	3	0	3224	4084	861	1	0.0	1574
NODE_3_length_6617_cov_8.652752_cutoff_5	gb_AB700703_+_161-1022_ARO:3001057_TEM-198	99.652	861	3	0	3224	4084	861	1	0.0	1574
NODE_3_length_6617_cov_8.652752_cutoff_5	gb_NC_002156_+_1429-2290_ARO:3000979_TEM-116	99.652	861	3	0	3224	4084	861	1	0.0	1574
NODE_3_length_6617_cov_8.652752_cutoff_5	gb_KC292503_+_4334-5195_ARO:3000904_TEM-34	99.652	861	3	0	3224	4084	861	1	0.0	1574
NODE_3_length_6617_cov_8.652752_cutoff_5	gb_KM998962.1_+_0-861_ARO:3003158_TEM-220	99.535	861	4	0	3224	4084	861	1	0.0	1568
NODE_3_length_6617_cov_8.652752_cutoff_5	gb_JQ034306_+_0-861_ARO:3001376_TEM-196	99.535	861	4	0	3224	4084	861	1	0.0	1568
NODE_3_length_6617_cov_8.652752_cutoff_5	gb_EU274580_+_214-1075_ARO:3001030_TEM-164	99.535	861	4	0	3224	4084	861	1	0.0	1568
NODE_3_length_6617_cov_8.652752_cutoff_5	gb_M88143_+_367-1228_ARO:3000884_TEM-12	99.535	861	4	0	3224	4084	861	1	0.0	1568
NODE_3_length_6617_cov_8.652752_cutoff_5	gb_JX042489_+_141-1002_ARO:3000890_TEM-19	99.535	861	4	0	3224	4084	861	1	0.0	1568
NODE_3_length_6617_cov_8.652752_cutoff_5	gb_AF535127_+_208-1069_ARO:3000978_TEM-115	99.535	861	4	0	3224	4084	861	1	0.0	1568
NODE_3_length_6617_cov_8.652752_cutoff_5	gb_AF347054_+_208-1069_ARO:3000947_TEM-80	99.535	861	4	0	3224	4084	861	1	0.0	1568
NODE_3_length_6617_cov_8.652752_cutoff_5	gb_HQ877606_+_0-861_ARO:3001056_TEM-197	99.535	861	4	0	3224	4084	861	1	0.0	1568
NODE_3_length_6617_cov_8.652752_cutoff_5	gb_KF944358_+_0-861_ARO:3001393_TEM-216	99.535	861	4	0	3224	4084	861	1	0.0	1568
NODE_3_length_6617_cov_8.652752_cutoff_5	gb_AM849805_+_262-1123_ARO:3000886_TEM-15	99.535	861	4	0	3224	4084	861	1	0.0	1568
NODE_3_length_6617_cov_8.652752_cutoff_5	gb_AJ318093_+_0-861_ARO:3000960_TEM-93	99.535	861	4	0	3224	4084	861	1	0.0	1568
NODE_3_length_6617_cov_8.652752_cutoff_5	gb_AF516719_+_214-1075_ARO:3000967_TEM-104	99.535	861	4	0	3224	4084	861	1	0.0	1568
NODE_3_length_6617_cov_8.652752_cutoff_5	gb_AM049399_+_0-861_ARO:3001007_TEM-144	99.535	861	4	0	3224	4084	861	1	0.0	1568
NODE_3_length_6617_cov_8.652752_cutoff_5	gb_AF190692_+_208-1069_ARO:3000946_TEM-79	99.535	861	4	0	3224	4084	861	1	0.0	1568
NODE_3_length_6617_cov_8.652752_cutoff_5	gb_FJ873740_+_0-858_ARO:3001035_TEM-169	99.650	858	3	0	3227	4084	858	1	0.0	1568
NODE_3_length_6617_cov_8.652752_cutoff_5	gb_U37195_+_75-936_ARO:3000898_TEM-28	99.535	861	4	0	3224	4084	861	1	0.0	1568
NODE_3_length_6617_cov_8.652752_cutoff_5	gb_JF795538_+_0-861_ARO:3001374_TEM-185	99.535	861	4	0	3224	4084	861	1	0.0	1568
NODE_3_length_6617_cov_8.652752_cutoff_5	gb_AY243512_+_208-1069_ARO:3000982_TEM-120	99.535	861	4	0	3224	4084	861	1	0.0	1568
NODE_3_length_6617_cov_8.652752_cutoff_5	gb_AF093512_+_197-1058_ARO:3000882_TEM-10	99.535	861	4	0	3224	4084	861	1	0.0	1568
NODE_3_length_6617_cov_8.652752_cutoff_5	gb_JX310327_+_0-861_ARO:3001378_TEM-201	99.535	861	4	0	3224	4084	861	1	0.0	1568
NODE_3_length_6617_cov_8.652752_cutoff_5	gb_DQ105528_+_0-861_ARO:3001012_TEM-145	99.535	861	4	0	3224	4084	861	1	0.0	1568
NODE_3_length_6617_cov_8.652752_cutoff_5	gb_AY101578_+_214-1075_ARO:3000969_TEM-106	99.535	861	4	0	3224	4084	861	1	0.0	1568
NODE_3_length_6617_cov_8.652752_cutoff_5	gb_Y13612_+_0-861_ARO:3000921_TEM-52	99.535	861	4	0	3224	4084	861	1	0.0	1568
NODE_3_length_6617_cov_8.652752_cutoff_5	gb_AF427130_+_208-1069_ARO:3000951_TEM-84	99.535	861	4	0	3224	4084	861	1	0.0	1568
NODE_3_length_6617_cov_8.652752_cutoff_5	gb_X54606_+_214-1075_ARO:3000874_TEM-2	99.535	861	4	0	3224	4084	861	1	0.0	1568
NODE_3_length_6617_cov_8.652752_cutoff_5	gb_DQ679961_+_114-975_ARO:3001021_TEM-155	99.535	861	4	0	3224	4084	861	1	0.0	1568
NODE_3_length_6617_cov_8.652752_cutoff_5	gb_U95363_+_0-861_ARO:3000912_TEM-43	99.535	861	4	0	3224	4084	861	1	0.0	1568
NODE_3_length_6617_cov_8.652752_cutoff_5	gb_AY628175_+_210-1071_ARO:3000972_TEM-109	99.535	861	4	0	3224	4084	861	1	0.0	1568
NODE_3_length_6617_cov_8.652752_cutoff_5	gb_AY628199_+_203-1064_ARO:3000988_TEM-126	99.535	861	4	0	3224	4084	861	1	0.0	1568
NODE_3_length_6617_cov_8.652752_cutoff_5	gb_AF104441_+_193-1054_ARO:3000922_TEM-53	99.419	861	5	0	3224	4084	861	1	0.0	1563
NODE_3_length_6617_cov_8.652752_cutoff_5	gb_EF136377_+_0-861_ARO:3001026_TEM-160	99.419	861	5	0	3224	4084	861	1	0.0	1563
NODE_3_length_6617_cov_8.652752_cutoff_5	gb_DQ909059_+_0-861_ARO:3001023_TEM-157	99.419	861	5	0	3224	4084	861	1	0.0	1563
NODE_3_length_6617_cov_8.652752_cutoff_5	gb_X95401_+_208-1069_ARO:3000914_TEM-45	99.419	861	5	0	3224	4084	861	1	0.0	1563
NODE_3_length_6617_cov_8.652752_cutoff_5	gb_AY826417_+_0-861_ARO:3001000_TEM-136	99.419	861	5	0	3224	4084	861	1	0.0	1563
NODE_3_length_6617_cov_8.652752_cutoff_5	gb_KF663615_+_0-858_ARO:3001390_TEM-213	99.534	858	4	0	3227	4084	858	1	0.0	1563
NODE_3_length_6617_cov_8.652752_cutoff_5	gb_EF136376_+_0-861_ARO:3001025_TEM-159	99.419	861	5	0	3224	4084	861	1	0.0	1563
NODE_3_length_6617_cov_8.652752_cutoff_5	gb_AY072920_+_0-861_ARO:3000973_TEM-110	99.419	861	5	0	3224	4084	861	1	0.0	1563
NODE_3_length_6617_cov_8.652752_cutoff_5	gb_AY528425_+_0-861_ARO:3000997_TEM-133	99.419	861	5	0	3224	4084	861	1	0.0	1563
NODE_3_length_6617_cov_8.652752_cutoff_5	gb_HQ317449_+_0-861_ARO:3001373_TEM-182	99.419	861	5	0	3224	4084	861	1	0.0	1563
NODE_3_length_6617_cov_8.652752_cutoff_5	gb_AF203816_+_210-1071_ARO:3000937_TEM-71	99.419	861	5	0	3224	4084	861	1	0.0	1563
NODE_3_length_6617_cov_8.652752_cutoff_5	gb_AY874537_+_177-1038_ARO:3000883_TEM-11	99.419	861	5	0	3224	4084	861	1	0.0	1563
NODE_3_length_6617_cov_8.652752_cutoff_5	gb_EF534736_+_213-1074_ARO:3001024_TEM-158	99.419	861	5	0	3224	4084	861	1	0.0	1563
NODE_3_length_6617_cov_8.652752_cutoff_5	gb_AY491682_+_0-861_ARO:3000996_TEM-132	99.419	861	5	0	3224	4084	861	1	0.0	1563
NODE_3_length_6617_cov_8.652752_cutoff_5	gb_X65253_+_175-1036_ARO:3000894_TEM-24	99.303	861	6	0	3224	4084	861	1	0.0	1557
NODE_3_length_6617_cov_8.652752_cutoff_5	gb_AF468003_+_0-861_ARO:3000974_TEM-111	99.303	861	6	0	3224	4084	861	1	0.0	1557
NODE_3_length_6617_cov_8.652752_cutoff_5	gb_JN416112_+_0-861_ARO:3001050_TEM-190	99.303	861	6	0	3224	4084	861	1	0.0	1557
NODE_3_length_6617_cov_8.652752_cutoff_5	gb_X64523.1_-_476-1337_ARO:3000875_TEM-3	99.303	861	6	0	3224	4084	861	1	0.0	1557
NODE_3_length_6617_cov_8.652752_cutoff_5	gb_Y17581_+_78-936_ARO:3000891_TEM-20	99.417	858	5	0	3227	4084	858	1	0.0	1557
NODE_3_length_6617_cov_8.652752_cutoff_5	gb_AM286274_+_0-861_ARO:3001001_TEM-137	99.303	861	6	0	3224	4084	861	1	0.0	1557
NODE_3_length_6617_cov_8.652752_cutoff_5	gb_AY027590_+_112-973_ARO:3000955_TEM-88	99.303	861	6	0	3224	4084	861	1	0.0	1557
NODE_3_length_6617_cov_8.652752_cutoff_5	gb_AF427129_+_208-1069_ARO:3000950_TEM-83	99.303	861	6	0	3224	4084	861	1	0.0	1557
NODE_3_length_6617_cov_8.652752_cutoff_5	gb_AY101764_+_206-1067_ARO:3000970_TEM-107	99.303	861	6	0	3224	4084	861	1	0.0	1557
NODE_3_length_6617_cov_8.652752_cutoff_5	gb_JN211012_+_213-1074_ARO:3001048_TEM-188	99.303	861	6	0	3224	4084	861	1	0.0	1557
NODE_3_length_6617_cov_8.652752_cutoff_5	gb_Y14574_+_0-861_ARO:3000888_TEM-17	99.303	861	6	0	3224	4084	861	1	0.0	1557
NODE_3_length_6617_cov_8.652752_cutoff_5	gb_AF091113_+_450-1311_ARO:3000934_TEM-67	99.303	861	6	0	3224	4084	861	1	0.0	1557
NODE_3_length_6617_cov_8.652752_cutoff_5	gb_AY853593_+_214-1075_ARO:3001002_TEM-138	99.303	861	6	0	3224	4084	861	1	0.0	1557
NODE_3_length_6617_cov_8.652752_cutoff_5	gb_AF190693_+_208-1069_ARO:3000944_TEM-78	99.303	861	6	0	3224	4084	861	1	0.0	1557
NODE_3_length_6617_cov_8.652752_cutoff_5	gb_X65254_+_175-1036_ARO:3000887_TEM-16	99.303	861	6	0	3224	4084	861	1	0.0	1557
NODE_3_length_6617_cov_8.652752_cutoff_5	gb_Y10279_+_0-861_ARO:3000916_TEM-47	99.303	861	6	0	3224	4084	861	1	0.0	1557
NODE_3_length_6617_cov_8.652752_cutoff_5	gb_NG_050265_+_100-961_ARO:3000876_TEM-4	99.187	861	7	0	3224	4084	861	1	0.0	1552
NODE_3_length_6617_cov_8.652752_cutoff_5	gb_X65252_+_175-1036_ARO:3000880_TEM-8	99.187	861	7	0	3224	4084	861	1	0.0	1552
NODE_3_length_6617_cov_8.652752_cutoff_5	gb_Y10280_+_0-861_ARO:3000917_TEM-48	99.187	861	7	0	3224	4084	861	1	0.0	1552
NODE_3_length_6617_cov_8.652752_cutoff_5	gb_FR848831_+_0-861_ARO:3001375_TEM-184	99.187	861	7	0	3224	4084	861	1	0.0	1552
NODE_3_length_6617_cov_8.652752_cutoff_5	gb_AJ277414_+_0-861_ARO:3000952_TEM-85	99.187	861	7	0	3224	4084	861	1	0.0	1552
NODE_3_length_6617_cov_8.652752_cutoff_5	gb_DQ369751_+_0-861_ARO:3001016_TEM-149	99.187	861	7	0	3224	4084	861	1	0.0	1552
NODE_3_length_6617_cov_8.652752_cutoff_5	gb_AY589495_+_181-1042_ARO:3000977_TEM-114	99.187	861	7	0	3224	4084	861	1	0.0	1552
NODE_3_length_6617_cov_8.652752_cutoff_5	gb_AY574271_+_0-861_ARO:3000998_TEM-134	99.187	861	7	0	3224	4084	861	1	0.0	1552
NODE_3_length_6617_cov_8.652752_cutoff_5	gb_AJ746225_+_0-861_ARO:3000993_TEM-129	99.187	861	7	0	3224	4084	861	1	0.0	1552
NODE_3_length_6617_cov_8.652752_cutoff_5	gb_DQ834728_+_205-1066_ARO:3001019_TEM-152	99.187	861	7	0	3224	4084	861	1	0.0	1552
NODE_3_length_6617_cov_8.652752_cutoff_5	gb_AF332513_+_103-964_ARO:3000931_TEM-63	99.187	861	7	0	3224	4084	861	1	0.0	1552
NODE_3_length_6617_cov_8.652752_cutoff_5	gb_DQ388882_+_0-861_ARO:3001005_TEM-142	99.187	861	7	0	3224	4084	861	1	0.0	1552
NODE_3_length_6617_cov_8.652752_cutoff_5	gb_AJ239002_+_0-861_ARO:3000935_TEM-68	99.187	861	7	0	3224	4084	861	1	0.0	1552
NODE_3_length_6617_cov_8.652752_cutoff_5	gb_DQ834729_+_205-1066_ARO:3001018_TEM-151	99.187	861	7	0	3224	4084	861	1	0.0	1552
NODE_3_length_6617_cov_8.652752_cutoff_5	gb_AF143804_+_0-861_ARO:3000959_TEM-92	99.187	861	7	0	3224	4084	861	1	0.0	1552
NODE_3_length_6617_cov_8.652752_cutoff_5	gb_AF157553_+_147-1008_ARO:3000938_TEM-72	99.187	861	7	0	3224	4084	861	1	0.0	1552
NODE_3_length_6617_cov_8.652752_cutoff_5	gb_AF506748_+_38-899_ARO:3000971_TEM-108	99.414	853	5	0	3224	4076	861	9	0.0	1548
NODE_3_length_6617_cov_8.652752_cutoff_5	gb_AY436361_+_131-992_ARO:3000995_TEM-131	99.071	861	8	0	3224	4084	861	1	0.0	1548
NODE_3_length_6617_cov_8.652752_cutoff_5	gb_FJ360884_+_213-1074_ARO:3001033_TEM-167	99.071	861	8	0	3224	4084	861	1	0.0	1546
NODE_3_length_6617_cov_8.652752_cutoff_5	gb_AJ277415_+_0-861_ARO:3000953_TEM-86	99.071	861	8	0	3224	4084	861	1	0.0	1546
NODE_3_length_6617_cov_8.652752_cutoff_5	gb_AJ318094_+_0-861_ARO:3000961_TEM-94	99.071	861	8	0	3224	4084	861	1	0.0	1546
NODE_3_length_6617_cov_8.652752_cutoff_5	gb_AF495873_+_0-861_ARO:3000964_TEM-101	99.071	861	8	0	3224	4084	861	1	0.0	1546
NODE_3_length_6617_cov_8.652752_cutoff_5	gb_DQ072853_+_0-861_ARO:3001003_TEM-139	99.071	861	8	0	3224	4084	861	1	0.0	1546
NODE_3_length_6617_cov_8.652752_cutoff_5	gb_Y10281_+_0-861_ARO:3000918_TEM-49	99.071	861	8	0	3224	4084	861	1	0.0	1546
NODE_3_length_6617_cov_8.652752_cutoff_5	gb_AY589494_+_193-1054_ARO:3000976_TEM-113	99.071	861	8	0	3224	4084	861	1	0.0	1546
NODE_3_length_6617_cov_8.652752_cutoff_5	gb_Y17582_+_0-858_ARO:3000892_TEM-21	99.184	858	7	0	3227	4084	858	1	0.0	1546
NODE_3_length_6617_cov_8.652752_cutoff_5	gb_Y17583_+_213-1071_ARO:3000893_TEM-22	99.184	858	7	0	3227	4084	858	1	0.0	1546
NODE_3_length_6617_cov_8.652752_cutoff_5	gb_AY271267_+_0-861_ARO:3000983_TEM-121	99.071	861	8	0	3224	4084	861	1	0.0	1546
NODE_3_length_6617_cov_8.652752_cutoff_5	gb_AF250872_+_0-861_ARO:3000954_TEM-87	99.071	861	8	0	3224	4084	861	1	0.0	1546
NODE_3_length_6617_cov_8.652752_cutoff_5	gb_HM246246_+_211-1069_ARO:3001047_TEM-187	99.183	857	7	0	3228	4084	857	1	0.0	1544
NODE_3_length_6617_cov_8.652752_cutoff_5	gb_KF513179_+_0-861_ARO:3001388_TEM-211	98.955	861	9	0	3224	4084	861	1	0.0	1541
NODE_3_length_6617_cov_8.652752_cutoff_5	gb_AJ866988_+_0-861_ARO:3000994_TEM-130	98.955	861	9	0	3224	4084	861	1	0.0	1541
NODE_3_length_6617_cov_8.652752_cutoff_5	gb_FN652295_+_0-861_ARO:3001042_TEM-177	98.955	861	9	0	3224	4084	861	1	0.0	1541
NODE_3_length_6617_cov_8.652752_cutoff_5	gb_KC900516_+_0-858_ARO:3001382_TEM-205	99.068	858	8	0	3227	4084	858	1	0.0	1541
NODE_3_length_6617_cov_8.652752_cutoff_5	gb_EF468463_+_66-927_ARO:3001028_TEM-162	98.955	861	9	0	3224	4084	861	1	0.0	1541
NODE_3_length_6617_cov_8.652752_cutoff_5	gb_JX050178_+_0-852_ARO:3001058_TEM-199	99.178	852	7	0	3225	4076	852	1	0.0	1535
NODE_3_length_6617_cov_8.652752_cutoff_5	gb_AY628176_+_75-936_ARO:3000987_TEM-125	98.839	861	10	0	3224	4084	861	1	0.0	1535
NODE_3_length_6617_cov_8.652752_cutoff_5	gb_AY327539_+_0-858_ARO:3000985_TEM-123	98.839	861	7	1	3224	4084	858	1	0.0	1531
NODE_3_length_6617_cov_8.652752_cutoff_5	gb_AY327540_+_0-858_ARO:3000986_TEM-124	98.839	861	7	1	3224	4084	858	1	0.0	1531
NODE_3_length_6617_cov_8.652752_cutoff_5	gb_JN935137_+_0-861_ARO:3001055_TEM-195	98.606	861	12	0	3224	4084	861	1	0.0	1524
NODE_3_length_6617_cov_8.652752_cutoff_5	gb_AY040093_+_68-929_ARO:3000965_TEM-102	98.606	861	12	0	3224	4084	861	1	0.0	1524
NODE_3_length_6617_cov_8.652752_cutoff_5	gb_AF047171_+_135-996_ARO:3000929_TEM-60	98.490	861	13	0	3224	4084	861	1	0.0	1519
NODE_3_length_6617_cov_8.652752_cutoff_5	gb_X98047_+_0-844_ARO:3000911_TEM-42	99.051	843	8	0	3233	4075	843	1	0.0	1513
NODE_3_length_6617_cov_8.652752_cutoff_5	gb_AF062386_+_30-862_ARO:3000928_TEM-59	99.398	831	5	0	3254	4084	831	1	0.0	1507
NODE_3_length_6617_cov_8.652752_cutoff_5	gb_AY039040_+_188-1022_ARO:3000956_TEM-89	99.161	834	7	0	3251	4084	834	1	0.0	1502
NODE_3_length_6617_cov_8.652752_cutoff_5	gb_JN935135_+_0-861_ARO:3001053_TEM-193	98.028	862	15	2	3224	4084	861	1	0.0	1496
NODE_3_length_6617_cov_8.652752_cutoff_5	gb_JN935136_+_0-861_ARO:3001054_TEM-194	97.561	861	21	0	3224	4084	861	1	0.0	1474
NODE_3_length_6617_cov_8.652752_cutoff_5	gb_X97254_+_153-1011_ARO:3001043_TEM-178	97.564	862	16	3	3224	4084	858	1	0.0	1471
NODE_3_length_6617_cov_8.652752_cutoff_5	gb_L19940_+_197-1006_ARO:3000896_TEM-26	99.382	809	5	0	3276	4084	809	1	0.0	1467
NODE_3_length_6617_cov_8.652752_cutoff_5	gb_AY130285_+_0-785_ARO:3000981_TEM-118	99.363	785	5	0	3264	4048	785	1	0.0	1423
NODE_3_length_6617_cov_8.652752_cutoff_5	gb_AF527798.1_+_0-785_ARO:3000879_TEM-7	99.363	785	5	0	3264	4048	785	1	0.0	1423
NODE_3_length_6617_cov_8.652752_cutoff_5	gb_AY130284_+_0-785_ARO:3000941_TEM-75	99.236	785	6	0	3264	4048	785	1	0.0	1417
NODE_3_length_6617_cov_8.652752_cutoff_5	gb_AY130282_+_0-764_ARO:3000980_TEM-117	99.738	764	2	0	3285	4048	764	1	0.0	1400
NODE_3_length_6617_cov_8.652752_cutoff_5	gb_JF949916_+_0-757_ARO:3001051_TEM-191	99.735	756	2	0	3299	4054	756	1	0.0	1386
NODE_3_length_6617_cov_8.652752_cutoff_5	gb_JF949915_+_0-754_ARO:3001052_TEM-192	99.734	753	2	0	3302	4054	753	1	0.0	1380
NODE_1_length_13758_cov_21.622250_cutoff_26	gb_AM180355_+_600033-601953_ARO:3000186_tetM	92.656	1920	141	0	483	2402	1920	1	0.0	2765
NODE_6_length_8901_cov_9.525385_cutoff_5	gb_AY928180_+_0-495_ARO:3002837_lnuC	99.192	495	4	0	82	576	495	1	0.0	893
NODE_1_length_7588_cov_21.485555_cutoff_20	gb_HM990671_+_5192-6671_ARO:3003112_lsaC	95.987	299	12	0	1	299	1181	1479	4.54e-137	486
NODE_11_length_1862_cov_4.927171_cutoff_5	gb_AF242872_+_2131-2878_ARO:3000375_ErmB	99.465	747	3	1	493	1238	747	1	0.0	1356
NODE_1_length_7567_cov_414.700801_cutoff_257	gb_EU434751_+_658-2578_ARO:3000194_tetW	99.896	1920	2	0	5643	7562	1	1920	0.0	3535
NODE_1_length_7567_cov_414.700801_cutoff_257	gb_KU736867.1_+_19653-21573_ARO:3004442_tet(W/N/W)	96.025	1912	74	2	5643	7553	1	1911	0.0	3109
NODE_1_length_7589_cov_7.654819_cutoff_5	gb_HM990671_+_5192-6671_ARO:3003112_lsaC	99.682	314	1	0	1	314	314	1	9.41e-164	575
NODE_1_length_2880_cov_23.061363_cutoff_20	gb_AF242872_+_2131-2878_ARO:3000375_ErmB	99.465	747	3	1	1105	1850	1	747	0.0	1356
NODE_1_length_6126_cov_2.425360_cutoff_5	gb_AF242872_+_2131-2878_ARO:3000375_ErmB	99.063	747	6	1	4755	5500	747	1	0.0	1339
NODE_1_length_2880_cov_156.308241_cutoff_54	gb_AF242872_+_2131-2878_ARO:3000375_ErmB	99.197	747	5	1	793	1538	1	747	0.0	1345
NODE_6_length_7242_cov_5.469644_cutoff_0	gb_AF242872_+_2131-2878_ARO:3000375_ErmB	97.992	747	3	2	4336	5070	747	1	0.0	1286
NODE_2_length_7254_cov_17.397659_cutoff_10	gb_AF242872_+_2131-2878_ARO:3000375_ErmB	99.465	747	3	1	10	755	747	1	0.0	1356
NODE_3_length_5282_cov_161.067435_cutoff_15	gb_AF242872_+_2131-2878_ARO:3000375_ErmB	98.708	542	6	1	4733	5273	206	747	0.0	961
NODE_1_length_26021_cov_6.862396_cutoff_5	gb_AF024666.2_-_2207-2969_ARO:3000596_ErmX	96.986	763	22	1	1592	2354	1	762	0.0	1280
NODE_2_length_7318_cov_24.579754_cutoff_0	gb_M17124_+_1181-1982_ARO:3000498_ErmF	99.501	801	4	0	3880	4680	1	801	0.0	1458
NODE_2_length_7318_cov_24.579754_cutoff_0	gb_AF319779.2_+_32-833_ARO:3000604_Erm(35)	78.697	798	162	5	3880	4673	1	794	9.27e-149	525
NODE_1_length_8603_cov_281.351278_cutoff_153	gb_Z21523_+_0-1974_ARO:3000191_tetQ	99.291	1974	14	0	4628	6601	1974	1	0.0	3568
NODE_1_length_8428_cov_183.171237_cutoff_42	gb_M17124_+_1181-1982_ARO:3000498_ErmF	99.376	801	5	0	7426	8226	1	801	0.0	1452
NODE_1_length_8428_cov_183.171237_cutoff_42	gb_AF319779.2_+_32-833_ARO:3000604_Erm(35)	78.643	796	166	3	7426	8219	1	794	1.07e-148	525
NODE_2_length_2880_cov_233.257938_cutoff_153	gb_AF242872_+_2131-2878_ARO:3000375_ErmB	99.197	747	5	1	1848	2593	747	1	0.0	1345
NODE_1_length_16302_cov_44.279322_cutoff_42	gb_M17124_+_1181-1982_ARO:3000498_ErmF	99.875	801	1	0	2923	3723	1	801	0.0	1474
NODE_1_length_16302_cov_44.279322_cutoff_42	gb_AF319779.2_+_32-833_ARO:3000604_Erm(35)	78.518	796	167	3	2923	3716	1	794	9.61e-147	520
