NODE_2_length_8140_cov_3.926082_cutoff_0	gb_M18896.2_+_206-2126_ARO:3000190_tetO	99.792	1920	4	0	478	2397	1920	1	0.0	3524
NODE_2_length_8140_cov_3.926082_cutoff_0	gb_AJ295238.3_+_163-2083_ARO:3000196_tet32	94.465	831	46	0	478	1308	1920	1090	0.0	1280
NODE_1_length_6505_cov_223.971375_cutoff_54	gb_AF242872_+_2131-2878_ARO:3000375_ErmB	99.063	747	6	1	66	811	747	1	0.0	1339
NODE_1_length_13758_cov_104.156568_cutoff_70	gb_AM180355_+_600033-601953_ARO:3000186_tetM	91.927	1920	155	0	9857	11776	1	1920	0.0	2687
NODE_1_length_7328_cov_10.097504_cutoff_10	gb_AF118110.1_-_71-1037_ARO:3003002_CfxA2	100.000	966	0	0	1595	2560	966	1	0.0	1784
NODE_1_length_7328_cov_10.097504_cutoff_10	gb_AF472622_+_52-1018_ARO:3003003_CfxA3	99.896	966	1	0	1595	2560	966	1	0.0	1779
NODE_1_length_7328_cov_10.097504_cutoff_10	gb_AY769934_+_27-993_ARO:3003096_CfxA5	99.896	966	1	0	1595	2560	966	1	0.0	1779
NODE_1_length_7328_cov_10.097504_cutoff_10	gb_U38243_+_149-1115_ARO:3003001_CfxA	99.896	966	1	0	1595	2560	966	1	0.0	1779
NODE_1_length_7328_cov_10.097504_cutoff_10	gb_AY769933_+_0-966_ARO:3003005_CfxA4	99.896	966	1	0	1595	2560	966	1	0.0	1779
NODE_1_length_7328_cov_10.097504_cutoff_10	gb_GQ342996_+_797-1793_ARO:3003097_CfxA6	89.234	966	101	3	1600	2564	993	30	0.0	1205
NODE_1_length_6831_cov_203.044714_cutoff_153	gb_AF242872_+_2131-2878_ARO:3000375_ErmB	99.598	747	2	1	10	755	747	1	0.0	1362
NODE_1_length_9030_cov_267.983469_cutoff_118	gb_Z21523_+_0-1974_ARO:3000191_tetQ	97.366	1974	52	0	824	2797	1	1974	0.0	3358
NODE_1_length_13758_cov_21.622250_cutoff_26	gb_AM180355_+_600033-601953_ARO:3000186_tetM	92.656	1920	141	0	483	2402	1920	1	0.0	2765
NODE_1_length_13758_cov_21.622250_cutoff_26	gb_L09756_+_0-1926_ARO:3000192_tetS	78.464	1927	398	15	484	2401	1920	2	0.0	1243
NODE_1_length_7588_cov_21.485555_cutoff_20	gb_HM990671_+_5192-6671_ARO:3003112_lsaC	95.987	299	12	0	1	299	1181	1479	4.54e-137	486
NODE_11_length_1862_cov_4.927171_cutoff_5	gb_AF242872_+_2131-2878_ARO:3000375_ErmB	99.465	747	3	1	493	1238	747	1	0.0	1356
NODE_1_length_7567_cov_414.700801_cutoff_257	gb_EU434751_+_658-2578_ARO:3000194_tetW	99.896	1920	2	0	5643	7562	1	1920	0.0	3535
NODE_1_length_7567_cov_414.700801_cutoff_257	gb_KU736867.1_+_19653-21573_ARO:3004442_tet(W/N/W)	96.025	1912	74	2	5643	7553	1	1911	0.0	3109
NODE_1_length_7589_cov_7.654819_cutoff_5	gb_HM990671_+_5192-6671_ARO:3003112_lsaC	99.682	314	1	0	1	314	314	1	9.41e-164	575
NODE_1_length_2880_cov_23.061363_cutoff_20	gb_AF242872_+_2131-2878_ARO:3000375_ErmB	99.465	747	3	1	1105	1850	1	747	0.0	1356
NODE_1_length_6126_cov_2.425360_cutoff_5	gb_AF242872_+_2131-2878_ARO:3000375_ErmB	99.063	747	6	1	4755	5500	747	1	0.0	1339
NODE_1_length_26021_cov_6.862396_cutoff_5	gb_AF024666.2_-_2207-2969_ARO:3000596_ErmX	96.986	763	22	1	1592	2354	1	762	0.0	1280
NODE_2_length_2880_cov_233.257938_cutoff_153	gb_AF242872_+_2131-2878_ARO:3000375_ErmB	99.197	747	5	1	1848	2593	747	1	0.0	1345
