NODE_1_length_13758_cov_104.156568_cutoff_70	gb_AM180355_+_600033-601953_ARO:3000186_tetM	91.927	1920	155	0	9857	11776	1	1920	0.0	2687
NODE_1_length_13758_cov_104.156568_cutoff_70	gb_L09756_+_0-1926_ARO:3000192_tetS	78.723	1927	393	15	9858	11775	2	1920	0.0	1271
NODE_1_length_7328_cov_10.097504_cutoff_10	gb_AF118110.1_-_71-1037_ARO:3003002_CfxA2	100.000	966	0	0	1595	2560	966	1	0.0	1784
NODE_1_length_7328_cov_10.097504_cutoff_10	gb_AF472622_+_52-1018_ARO:3003003_CfxA3	99.896	966	1	0	1595	2560	966	1	0.0	1779
NODE_1_length_7328_cov_10.097504_cutoff_10	gb_AY769934_+_27-993_ARO:3003096_CfxA5	99.896	966	1	0	1595	2560	966	1	0.0	1779
NODE_1_length_7328_cov_10.097504_cutoff_10	gb_U38243_+_149-1115_ARO:3003001_CfxA	99.896	966	1	0	1595	2560	966	1	0.0	1779
NODE_1_length_7328_cov_10.097504_cutoff_10	gb_AY769933_+_0-966_ARO:3003005_CfxA4	99.896	966	1	0	1595	2560	966	1	0.0	1779
NODE_1_length_7328_cov_10.097504_cutoff_10	gb_GQ342996_+_797-1793_ARO:3003097_CfxA6	89.234	966	101	3	1600	2564	993	30	0.0	1205
NODE_1_length_9030_cov_267.983469_cutoff_118	gb_Z21523_+_0-1974_ARO:3000191_tetQ	97.366	1974	52	0	824	2797	1	1974	0.0	3358
NODE_1_length_7592_cov_169.702329_cutoff_70	gb_AF242872_+_2131-2878_ARO:3000375_ErmB	99.465	747	3	1	6245	6990	1	747	0.0	1356
NODE_1_length_13758_cov_21.622250_cutoff_26	gb_AM180355_+_600033-601953_ARO:3000186_tetM	92.656	1920	141	0	483	2402	1920	1	0.0	2765
NODE_1_length_13758_cov_21.622250_cutoff_26	gb_L09756_+_0-1926_ARO:3000192_tetS	78.464	1927	398	15	484	2401	1920	2	0.0	1243
NODE_1_length_7567_cov_414.700801_cutoff_257	gb_EU434751_+_658-2578_ARO:3000194_tetW	99.896	1920	2	0	5643	7562	1	1920	0.0	3535
NODE_1_length_7567_cov_414.700801_cutoff_257	gb_KU736867.1_+_19653-21573_ARO:3004442_tet(W/N/W)	96.025	1912	74	2	5643	7553	1	1911	0.0	3109
NODE_1_length_6126_cov_2.425360_cutoff_5	gb_AF242872_+_2131-2878_ARO:3000375_ErmB	99.063	747	6	1	4755	5500	747	1	0.0	1339
NODE_2_length_7318_cov_24.579754_cutoff_0	gb_M17124_+_1181-1982_ARO:3000498_ErmF	99.501	801	4	0	3880	4680	1	801	0.0	1458
NODE_2_length_7318_cov_24.579754_cutoff_0	gb_AF319779.2_+_32-833_ARO:3000604_Erm(35)	78.697	798	162	5	3880	4673	1	794	9.27e-149	525
NODE_1_length_8603_cov_281.351278_cutoff_153	gb_Z21523_+_0-1974_ARO:3000191_tetQ	99.291	1974	14	0	4628	6601	1974	1	0.0	3568
NODE_1_length_16302_cov_44.279322_cutoff_42	gb_M17124_+_1181-1982_ARO:3000498_ErmF	99.875	801	1	0	2923	3723	1	801	0.0	1474
NODE_1_length_16302_cov_44.279322_cutoff_42	gb_AF319779.2_+_32-833_ARO:3000604_Erm(35)	78.518	796	167	3	2923	3716	1	794	9.61e-147	520
