NODE_4_length_8140_cov_3.572740_cutoff_0	gb_M18896.2_+_206-2126_ARO:3000190_tetO	99.792	1920	4	0	2003	3922	1	1920	0.0	3524
NODE_1_length_6505_cov_223.971375_cutoff_54	gb_AF242872_+_2131-2878_ARO:3000375_ErmB	99.063	747	6	1	66	811	747	1	0.0	1339
NODE_1_length_13758_cov_104.156568_cutoff_70	gb_AM180355_+_600033-601953_ARO:3000186_tetM	91.927	1920	155	0	9857	11776	1	1920	0.0	2687
NODE_1_length_13758_cov_104.156568_cutoff_70	gb_L09756_+_0-1926_ARO:3000192_tetS	78.723	1927	393	15	9858	11775	2	1920	0.0	1271
NODE_1_length_15071_cov_24.708083_cutoff_15	gb_AF242872_+_2131-2878_ARO:3000375_ErmB	99.465	747	3	1	340	1085	1	747	0.0	1356
NODE_1_length_9030_cov_267.983469_cutoff_118	gb_Z21523_+_0-1974_ARO:3000191_tetQ	97.366	1974	52	0	824	2797	1	1974	0.0	3358
NODE_1_length_13758_cov_21.622250_cutoff_26	gb_AM180355_+_600033-601953_ARO:3000186_tetM	92.656	1920	141	0	483	2402	1920	1	0.0	2765
NODE_1_length_13758_cov_21.622250_cutoff_26	gb_L09756_+_0-1926_ARO:3000192_tetS	78.464	1927	398	15	484	2401	1920	2	0.0	1243
NODE_1_length_7588_cov_21.485555_cutoff_20	gb_HM990671_+_5192-6671_ARO:3003112_lsaC	95.987	299	12	0	1	299	1181	1479	4.54e-137	486
NODE_1_length_7567_cov_414.700801_cutoff_257	gb_EU434751_+_658-2578_ARO:3000194_tetW	99.896	1920	2	0	5643	7562	1	1920	0.0	3535
NODE_1_length_7567_cov_414.700801_cutoff_257	gb_KU736867.1_+_19653-21573_ARO:3004442_tet(W/N/W)	96.025	1912	74	2	5643	7553	1	1911	0.0	3109
NODE_1_length_7589_cov_7.654819_cutoff_5	gb_HM990671_+_5192-6671_ARO:3003112_lsaC	93.478	1242	81	0	6348	7589	1479	238	0.0	1845
NODE_1_length_6126_cov_2.425360_cutoff_5	gb_AF242872_+_2131-2878_ARO:3000375_ErmB	99.063	747	6	1	4755	5500	747	1	0.0	1339
NODE_6_length_7242_cov_5.469644_cutoff_0	gb_AF242872_+_2131-2878_ARO:3000375_ErmB	97.992	747	3	2	4336	5070	747	1	0.0	1286
NODE_2_length_7254_cov_17.397659_cutoff_10	gb_AF242872_+_2131-2878_ARO:3000375_ErmB	99.465	747	3	1	10	755	747	1	0.0	1356
NODE_3_length_5282_cov_161.067435_cutoff_15	gb_AF242872_+_2131-2878_ARO:3000375_ErmB	98.708	542	6	1	4733	5273	206	747	0.0	961
NODE_1_length_26021_cov_6.862396_cutoff_5	gb_AF024666.2_-_2207-2969_ARO:3000596_ErmX	96.986	763	22	1	1592	2354	1	762	0.0	1280
NODE_2_length_7318_cov_24.579754_cutoff_0	gb_M17124_+_1181-1982_ARO:3000498_ErmF	99.501	801	4	0	3880	4680	1	801	0.0	1458
NODE_2_length_7318_cov_24.579754_cutoff_0	gb_AF319779.2_+_32-833_ARO:3000604_Erm(35)	78.697	798	162	5	3880	4673	1	794	9.27e-149	525
NODE_2_length_2880_cov_233.257938_cutoff_153	gb_AF242872_+_2131-2878_ARO:3000375_ErmB	99.197	747	5	1	1848	2593	747	1	0.0	1345
NODE_1_length_16302_cov_44.279322_cutoff_42	gb_M17124_+_1181-1982_ARO:3000498_ErmF	99.875	801	1	0	2923	3723	1	801	0.0	1474
NODE_1_length_16302_cov_44.279322_cutoff_42	gb_AF319779.2_+_32-833_ARO:3000604_Erm(35)	78.518	796	167	3	2923	3716	1	794	9.61e-147	520
