NODE_4_length_7076_cov_3.627661_cutoff_0	gb_AY043299.1_-_3984-5175_ARO:3000167_tet(C)	100.000	280	0	0	209	488	901	622	1.50e-146	518
NODE_1_length_6505_cov_223.971375_cutoff_54	gb_AF242872_+_2131-2878_ARO:3000375_ErmB	99.063	747	6	1	66	811	747	1	0.0	1339
NODE_1_length_7076_cov_7.062580_cutoff_0	gb_AY043299.1_-_3984-5175_ARO:3000167_tet(C)	100.000	280	0	0	1315	1594	901	622	1.50e-146	518
NODE_2_length_7076_cov_2.751536_cutoff_0	gb_AY043299.1_-_3984-5175_ARO:3000167_tet(C)	100.000	292	0	0	5871	6162	625	334	3.20e-153	540
NODE_1_length_13758_cov_104.156568_cutoff_70	gb_AM180355_+_600033-601953_ARO:3000186_tetM	91.927	1920	155	0	9857	11776	1	1920	0.0	2687
NODE_1_length_13758_cov_104.156568_cutoff_70	gb_L09756_+_0-1926_ARO:3000192_tetS	78.723	1927	393	15	9858	11775	2	1920	0.0	1271
NODE_3_length_13616_cov_6.473595_cutoff_0	gb_AY043299.1_-_3984-5175_ARO:3000167_tet(C)	100.000	292	0	0	2704	2995	334	625	6.16e-153	540
NODE_3_length_7076_cov_18.730676_cutoff_0	gb_AY043299.1_-_3984-5175_ARO:3000167_tet(C)	100.000	280	0	0	1146	1425	622	901	1.50e-146	518
NODE_1_length_15071_cov_24.708083_cutoff_15	gb_AF242872_+_2131-2878_ARO:3000375_ErmB	99.465	747	3	1	340	1085	1	747	0.0	1356
NODE_1_length_7328_cov_10.097504_cutoff_10	gb_AF118110.1_-_71-1037_ARO:3003002_CfxA2	100.000	966	0	0	1595	2560	966	1	0.0	1784
NODE_1_length_7328_cov_10.097504_cutoff_10	gb_AF472622_+_52-1018_ARO:3003003_CfxA3	99.896	966	1	0	1595	2560	966	1	0.0	1779
NODE_1_length_7328_cov_10.097504_cutoff_10	gb_AY769934_+_27-993_ARO:3003096_CfxA5	99.896	966	1	0	1595	2560	966	1	0.0	1779
NODE_1_length_7328_cov_10.097504_cutoff_10	gb_U38243_+_149-1115_ARO:3003001_CfxA	99.896	966	1	0	1595	2560	966	1	0.0	1779
NODE_1_length_7328_cov_10.097504_cutoff_10	gb_AY769933_+_0-966_ARO:3003005_CfxA4	99.896	966	1	0	1595	2560	966	1	0.0	1779
NODE_1_length_6831_cov_203.044714_cutoff_153	gb_AF242872_+_2131-2878_ARO:3000375_ErmB	99.598	747	2	1	10	755	747	1	0.0	1362
NODE_1_length_9030_cov_267.983469_cutoff_118	gb_Z21523_+_0-1974_ARO:3000191_tetQ	97.366	1974	52	0	824	2797	1	1974	0.0	3358
NODE_1_length_7592_cov_169.702329_cutoff_70	gb_AF242872_+_2131-2878_ARO:3000375_ErmB	99.465	747	3	1	6245	6990	1	747	0.0	1356
NODE_13_length_7076_cov_2.689527_cutoff_0	gb_AY043299.1_-_3984-5175_ARO:3000167_tet(C)	100.000	280	0	0	333	612	622	901	1.50e-146	518
NODE_1_length_13758_cov_21.622250_cutoff_26	gb_AM180355_+_600033-601953_ARO:3000186_tetM	92.656	1920	141	0	483	2402	1920	1	0.0	2765
NODE_1_length_13758_cov_21.622250_cutoff_26	gb_L09756_+_0-1926_ARO:3000192_tetS	78.464	1927	398	15	484	2401	1920	2	0.0	1243
NODE_1_length_7588_cov_21.485555_cutoff_20	gb_HM990671_+_5192-6671_ARO:3003112_lsaC	95.987	299	12	0	1	299	1181	1479	4.54e-137	486
NODE_1_length_7589_cov_7.654819_cutoff_5	gb_HM990671_+_5192-6671_ARO:3003112_lsaC	99.682	314	1	0	1	314	314	1	9.41e-164	575
NODE_6_length_7242_cov_5.469644_cutoff_0	gb_AF242872_+_2131-2878_ARO:3000375_ErmB	97.992	747	3	2	4336	5070	747	1	0.0	1286
NODE_2_length_7254_cov_17.397659_cutoff_10	gb_AF242872_+_2131-2878_ARO:3000375_ErmB	99.465	747	3	1	10	755	747	1	0.0	1356
NODE_2_length_7318_cov_24.579754_cutoff_0	gb_M17124_+_1181-1982_ARO:3000498_ErmF	99.501	801	4	0	3880	4680	1	801	0.0	1458
NODE_2_length_7318_cov_24.579754_cutoff_0	gb_AF319779.2_+_32-833_ARO:3000604_Erm(35)	78.697	798	162	5	3880	4673	1	794	9.27e-149	525
NODE_1_length_8603_cov_281.351278_cutoff_153	gb_Z21523_+_0-1974_ARO:3000191_tetQ	99.291	1974	14	0	4628	6601	1974	1	0.0	3568
NODE_1_length_8428_cov_183.171237_cutoff_42	gb_M17124_+_1181-1982_ARO:3000498_ErmF	99.376	801	5	0	7426	8226	1	801	0.0	1452
NODE_1_length_8428_cov_183.171237_cutoff_42	gb_AF319779.2_+_32-833_ARO:3000604_Erm(35)	78.643	796	166	3	7426	8219	1	794	1.07e-148	525
NODE_1_length_16302_cov_44.279322_cutoff_42	gb_M17124_+_1181-1982_ARO:3000498_ErmF	99.875	801	1	0	2923	3723	1	801	0.0	1474
NODE_1_length_16302_cov_44.279322_cutoff_42	gb_AF319779.2_+_32-833_ARO:3000604_Erm(35)	78.518	796	167	3	2923	3716	1	794	9.61e-147	520
