NODE_2_length_8140_cov_3.926082_cutoff_0	gb_M18896.2_+_206-2126_ARO:3000190_tetO	99.792	1920	4	0	478	2397	1920	1	0.0	3524
NODE_2_length_8140_cov_3.926082_cutoff_0	gb_AJ295238.3_+_163-2083_ARO:3000196_tet32	94.465	831	46	0	478	1308	1920	1090	0.0	1280
NODE_4_length_8140_cov_3.572740_cutoff_0	gb_M18896.2_+_206-2126_ARO:3000190_tetO	99.792	1920	4	0	2003	3922	1	1920	0.0	3524
NODE_4_length_8140_cov_3.572740_cutoff_0	gb_AJ295238.3_+_163-2083_ARO:3000196_tet32	91.919	396	32	0	2003	2398	1	396	1.32e-157	555
NODE_1_length_13758_cov_104.156568_cutoff_70	gb_AM180355_+_600033-601953_ARO:3000186_tetM	91.927	1920	155	0	9857	11776	1	1920	0.0	2687
NODE_1_length_13758_cov_104.156568_cutoff_70	gb_L09756_+_0-1926_ARO:3000192_tetS	78.723	1927	393	15	9858	11775	2	1920	0.0	1271
NODE_1_length_7328_cov_10.097504_cutoff_10	gb_AF118110.1_-_71-1037_ARO:3003002_CfxA2	100.000	966	0	0	1595	2560	966	1	0.0	1784
NODE_1_length_7328_cov_10.097504_cutoff_10	gb_AF472622_+_52-1018_ARO:3003003_CfxA3	99.896	966	1	0	1595	2560	966	1	0.0	1779
NODE_1_length_7328_cov_10.097504_cutoff_10	gb_AY769934_+_27-993_ARO:3003096_CfxA5	99.896	966	1	0	1595	2560	966	1	0.0	1779
NODE_1_length_7328_cov_10.097504_cutoff_10	gb_U38243_+_149-1115_ARO:3003001_CfxA	99.896	966	1	0	1595	2560	966	1	0.0	1779
NODE_1_length_7328_cov_10.097504_cutoff_10	gb_AY769933_+_0-966_ARO:3003005_CfxA4	99.896	966	1	0	1595	2560	966	1	0.0	1779
NODE_1_length_7328_cov_10.097504_cutoff_10	gb_GQ342996_+_797-1793_ARO:3003097_CfxA6	89.234	966	101	3	1600	2564	993	30	0.0	1205
NODE_1_length_9030_cov_267.983469_cutoff_118	gb_Z21523_+_0-1974_ARO:3000191_tetQ	97.366	1974	52	0	824	2797	1	1974	0.0	3358
NODE_5_length_5195_cov_13.939820_cutoff_0	gb_AY227054_+_0-765_ARO:3001780_OXA-85	99.216	765	6	0	3799	4563	765	1	0.0	1380
NODE_1_length_13758_cov_21.622250_cutoff_26	gb_AM180355_+_600033-601953_ARO:3000186_tetM	92.656	1920	141	0	483	2402	1920	1	0.0	2765
NODE_1_length_7588_cov_21.485555_cutoff_20	gb_HM990671_+_5192-6671_ARO:3003112_lsaC	94.431	1257	70	0	6332	7588	1	1257	0.0	1934
NODE_1_length_7589_cov_7.654819_cutoff_5	gb_HM990671_+_5192-6671_ARO:3003112_lsaC	93.478	1242	81	0	6348	7589	1479	238	0.0	1845
NODE_1_length_8603_cov_281.351278_cutoff_153	gb_Z21523_+_0-1974_ARO:3000191_tetQ	99.291	1974	14	0	4628	6601	1974	1	0.0	3568
NODE_1_length_9968_cov_120.542614_cutoff_70	gb_M18896.2_+_206-2126_ARO:3000190_tetO	99.062	1920	18	0	875	2794	1	1920	0.0	3446
NODE_1_length_9968_cov_120.542614_cutoff_70	gb_AJ295238.3_+_163-2083_ARO:3000196_tet32	95.179	809	35	3	1988	2794	1114	1920	0.0	1275
